C:\151203~1\YOOTMA~3\WIN32\DEBUG\YOOTMARBLEENGINE.EXE
C:\151203~1\YOOTMA~3\WIN32\DEBUG\YOOTMARBLEENGINE.ILK
C:\151203~1\YOOTMA~3\WIN32\DEBUG\YOOTMARBLEENGINE.PDB
C:\151203~1\YOOTMA~3\YOOTMARBLEENGINE\DEBUG\BOARD.OBJ
C:\151203~1\YOOTMA~3\YOOTMARBLEENGINE\DEBUG\BUILDINGSPACE.OBJ
C:\151203~1\YOOTMA~3\YOOTMARBLEENGINE\DEBUG\GAMEDISPLAY.OBJ
C:\151203~1\YOOTMA~3\YOOTMARBLEENGINE\DEBUG\HEALINGSPACE.OBJ
C:\151203~1\YOOTMA~3\YOOTMARBLEENGINE\DEBUG\MAIN.OBJ
C:\151203~1\YOOTMA~3\YOOTMARBLEENGINE\DEBUG\MOC_GAMEDISPLAY.OBJ
C:\151203~1\YOOTMA~3\YOOTMARBLEENGINE\DEBUG\MOC_STARTDISPLAY.OBJ
C:\151203~1\YOOTMA~3\YOOTMARBLEENGINE\DEBUG\MOC_USER.OBJ
C:\151203~1\YOOTMA~3\YOOTMARBLEENGINE\DEBUG\PIECE.OBJ
C:\151203~1\YOOTMA~3\YOOTMARBLEENGINE\DEBUG\QRC_YOOTMARBLEENGINE.OBJ
C:\151203~1\YOOTMA~3\YOOTMARBLEENGINE\DEBUG\STARTDISPLAY.OBJ
C:\151203~1\YOOTMA~3\YOOTMARBLEENGINE\DEBUG\USER.OBJ
C:\151203~1\YOOTMA~3\YOOTMARBLEENGINE\DEBUG\VC100.PDB
C:\151203~1\YOOTMA~3\YOOTMARBLEENGINE\DEBUG\YOOTMARBLEENGINE.EXE.INTERMEDIATE.MANIFEST
C:\151203~1\YOOTMA~3\YOOTMARBLEENGINE\DEBUG\YOOTMARBLEENGINE.OBJ
C:\151203~1\YOOTMA~3\YOOTMARBLEENGINE\GENERATEDFILES\DEBUG\MOC_GAMEDISPLAY.CPP
C:\151203~1\YOOTMA~3\YOOTMARBLEENGINE\GENERATEDFILES\DEBUG\MOC_STARTDISPLAY.CPP
C:\151203~1\YOOTMA~3\YOOTMARBLEENGINE\GENERATEDFILES\DEBUG\MOC_USER.CPP
C:\151203~1\YOOTMA~3\YOOTMARBLEENGINE\GENERATEDFILES\QRC_YOOTMARBLEENGINE.CPP
C:\151203~1\YOOTMA~3\YOOTMARBLEENGINE\GENERATEDFILES\UI_YOOTMARBLEENGINE.H
C:\OOP_PROJECT\151206_김준영_V8\WIN32\DEBUG\YOOTMARBLEENGINE.EXE
C:\OOP_PROJECT\151206_김준영_V8\WIN32\DEBUG\YOOTMARBLEENGINE.ILK
C:\OOP_PROJECT\151206_김준영_V8\WIN32\DEBUG\YOOTMARBLEENGINE.PDB
C:\OOP_PROJECT\151206_김준영_V8\YOOTMARBLEENGINE\DEBUG\BOARD.OBJ
C:\OOP_PROJECT\151206_김준영_V8\YOOTMARBLEENGINE\DEBUG\BUILDINGSPACE.OBJ
C:\OOP_PROJECT\151206_김준영_V8\YOOTMARBLEENGINE\DEBUG\GAMEDISPLAY.OBJ
C:\OOP_PROJECT\151206_김준영_V8\YOOTMARBLEENGINE\DEBUG\HEALINGSPACE.OBJ
C:\OOP_PROJECT\151206_김준영_V8\YOOTMARBLEENGINE\DEBUG\MAIN.OBJ
C:\OOP_PROJECT\151206_김준영_V8\YOOTMARBLEENGINE\DEBUG\MOC_GAMEDISPLAY.OBJ
C:\OOP_PROJECT\151206_김준영_V8\YOOTMARBLEENGINE\DEBUG\MOC_STARTDISPLAY.OBJ
C:\OOP_PROJECT\151206_김준영_V8\YOOTMARBLEENGINE\DEBUG\MOC_USER.OBJ
C:\OOP_PROJECT\151206_김준영_V8\YOOTMARBLEENGINE\DEBUG\PIECE.OBJ
C:\OOP_PROJECT\151206_김준영_V8\YOOTMARBLEENGINE\DEBUG\QRC_YOOTMARBLEENGINE.OBJ
C:\OOP_PROJECT\151206_김준영_V8\YOOTMARBLEENGINE\DEBUG\STARTDISPLAY.OBJ
C:\OOP_PROJECT\151206_김준영_V8\YOOTMARBLEENGINE\DEBUG\USER.OBJ
C:\OOP_PROJECT\151206_김준영_V8\YOOTMARBLEENGINE\DEBUG\VC100.PDB
C:\OOP_PROJECT\151206_김준영_V8\YOOTMARBLEENGINE\DEBUG\YOOTMARBLEENGINE.EXE.INTERMEDIATE.MANIFEST
C:\OOP_PROJECT\151206_김준영_V8\YOOTMARBLEENGINE\DEBUG\YOOTMARBLEENGINE.OBJ
C:\OOP_PROJECT\151206_김준영_V8\YOOTMARBLEENGINE\GENERATEDFILES\DEBUG\MOC_GAMEDISPLAY.CPP
C:\OOP_PROJECT\151206_김준영_V8\YOOTMARBLEENGINE\GENERATEDFILES\DEBUG\MOC_STARTDISPLAY.CPP
C:\OOP_PROJECT\151206_김준영_V8\YOOTMARBLEENGINE\GENERATEDFILES\DEBUG\MOC_USER.CPP
C:\OOP_PROJECT\151206_김준영_V8\YOOTMARBLEENGINE\GENERATEDFILES\QRC_YOOTMARBLEENGINE.CPP
C:\OOP_PROJECT\151206_김준영_V8\YOOTMARBLEENGINE\GENERATEDFILES\UI_YOOTMARBLEENGINE.H
C:\OOP_PROJECT\151206_박경원\WIN32\DEBUG\YOOTMARBLEENGINE.EXE
C:\OOP_PROJECT\151206_박경원\WIN32\DEBUG\YOOTMARBLEENGINE.ILK
C:\OOP_PROJECT\151206_박경원\WIN32\DEBUG\YOOTMARBLEENGINE.PDB
C:\OOP_PROJECT\151206_박경원\YOOTMARBLEENGINE\DEBUG\BOARD.OBJ
C:\OOP_PROJECT\151206_박경원\YOOTMARBLEENGINE\DEBUG\BUILDINGSPACE.OBJ
C:\OOP_PROJECT\151206_박경원\YOOTMARBLEENGINE\DEBUG\GAMEDISPLAY.OBJ
C:\OOP_PROJECT\151206_박경원\YOOTMARBLEENGINE\DEBUG\HEALINGSPACE.OBJ
C:\OOP_PROJECT\151206_박경원\YOOTMARBLEENGINE\DEBUG\MAIN.OBJ
C:\OOP_PROJECT\151206_박경원\YOOTMARBLEENGINE\DEBUG\MOC_GAMEDISPLAY.OBJ
C:\OOP_PROJECT\151206_박경원\YOOTMARBLEENGINE\DEBUG\MOC_STARTDISPLAY.OBJ
C:\OOP_PROJECT\151206_박경원\YOOTMARBLEENGINE\DEBUG\MOC_USER.OBJ
C:\OOP_PROJECT\151206_박경원\YOOTMARBLEENGINE\DEBUG\PIECE.OBJ
C:\OOP_PROJECT\151206_박경원\YOOTMARBLEENGINE\DEBUG\QRC_YOOTMARBLEENGINE.OBJ
C:\OOP_PROJECT\151206_박경원\YOOTMARBLEENGINE\DEBUG\STARTDISPLAY.OBJ
C:\OOP_PROJECT\151206_박경원\YOOTMARBLEENGINE\DEBUG\USER.OBJ
C:\OOP_PROJECT\151206_박경원\YOOTMARBLEENGINE\DEBUG\VC100.PDB
C:\OOP_PROJECT\151206_박경원\YOOTMARBLEENGINE\DEBUG\YOOTMARBLEENGINE.EXE.INTERMEDIATE.MANIFEST
C:\OOP_PROJECT\151206_박경원\YOOTMARBLEENGINE\DEBUG\YOOTMARBLEENGINE.OBJ
C:\OOP_PROJECT\151206_박경원\YOOTMARBLEENGINE\GENERATEDFILES\DEBUG\MOC_GAMEDISPLAY.CPP
C:\OOP_PROJECT\151206_박경원\YOOTMARBLEENGINE\GENERATEDFILES\DEBUG\MOC_STARTDISPLAY.CPP
C:\OOP_PROJECT\151206_박경원\YOOTMARBLEENGINE\GENERATEDFILES\DEBUG\MOC_USER.CPP
C:\OOP_PROJECT\151206_박경원\YOOTMARBLEENGINE\GENERATEDFILES\QRC_YOOTMARBLEENGINE.CPP
C:\OOP_PROJECT\151206_박경원\YOOTMARBLEENGINE\GENERATEDFILES\UI_YOOTMARBLEENGINE.H
C:\OOP_PROJECT\201512~3\WIN32\DEBUG\YOOTMARBLEENGINE.EXE
C:\OOP_PROJECT\201512~3\WIN32\DEBUG\YOOTMARBLEENGINE.ILK
C:\OOP_PROJECT\201512~3\WIN32\DEBUG\YOOTMARBLEENGINE.PDB
C:\OOP_PROJECT\201512~3\YOOTMARBLEENGINE\DEBUG\BOARD.OBJ
C:\OOP_PROJECT\201512~3\YOOTMARBLEENGINE\DEBUG\BUILDINGSPACE.OBJ
C:\OOP_PROJECT\201512~3\YOOTMARBLEENGINE\DEBUG\GAMEDISPLAY.OBJ
C:\OOP_PROJECT\201512~3\YOOTMARBLEENGINE\DEBUG\HEALINGSPACE.OBJ
C:\OOP_PROJECT\201512~3\YOOTMARBLEENGINE\DEBUG\MAIN.OBJ
C:\OOP_PROJECT\201512~3\YOOTMARBLEENGINE\DEBUG\MOC_GAMEDISPLAY.OBJ
C:\OOP_PROJECT\201512~3\YOOTMARBLEENGINE\DEBUG\MOC_STARTDISPLAY.OBJ
C:\OOP_PROJECT\201512~3\YOOTMARBLEENGINE\DEBUG\MOC_USER.OBJ
C:\OOP_PROJECT\201512~3\YOOTMARBLEENGINE\DEBUG\PIECE.OBJ
C:\OOP_PROJECT\201512~3\YOOTMARBLEENGINE\DEBUG\QRC_YOOTMARBLEENGINE.OBJ
C:\OOP_PROJECT\201512~3\YOOTMARBLEENGINE\DEBUG\STARTDISPLAY.OBJ
C:\OOP_PROJECT\201512~3\YOOTMARBLEENGINE\DEBUG\USER.OBJ
C:\OOP_PROJECT\201512~3\YOOTMARBLEENGINE\DEBUG\VC100.PDB
C:\OOP_PROJECT\201512~3\YOOTMARBLEENGINE\DEBUG\YOOTMARBLEENGINE.EXE.INTERMEDIATE.MANIFEST
C:\OOP_PROJECT\201512~3\YOOTMARBLEENGINE\DEBUG\YOOTMARBLEENGINE.OBJ
C:\OOP_PROJECT\201512~3\YOOTMARBLEENGINE\GENERATEDFILES\DEBUG\MOC_GAMEDISPLAY.CPP
C:\OOP_PROJECT\201512~3\YOOTMARBLEENGINE\GENERATEDFILES\DEBUG\MOC_STARTDISPLAY.CPP
C:\OOP_PROJECT\201512~3\YOOTMARBLEENGINE\GENERATEDFILES\DEBUG\MOC_USER.CPP
C:\OOP_PROJECT\201512~3\YOOTMARBLEENGINE\GENERATEDFILES\QRC_YOOTMARBLEENGINE.CPP
C:\OOP_PROJECT\201512~3\YOOTMARBLEENGINE\GENERATEDFILES\UI_YOOTMARBLEENGINE.H
C:\OOP_PROJECT\201512~4\WIN32\DEBUG\YOOTMARBLEENGINE.EXE
C:\OOP_PROJECT\201512~4\WIN32\DEBUG\YOOTMARBLEENGINE.ILK
C:\OOP_PROJECT\201512~4\WIN32\DEBUG\YOOTMARBLEENGINE.PDB
C:\OOP_PROJECT\201512~4\YOOTMARBLEENGINE\DEBUG\BOARD.OBJ
C:\OOP_PROJECT\201512~4\YOOTMARBLEENGINE\DEBUG\BUILDINGSPACE.OBJ
C:\OOP_PROJECT\201512~4\YOOTMARBLEENGINE\DEBUG\GAMEDISPLAY.OBJ
C:\OOP_PROJECT\201512~4\YOOTMARBLEENGINE\DEBUG\HEALINGSPACE.OBJ
C:\OOP_PROJECT\201512~4\YOOTMARBLEENGINE\DEBUG\MAIN.OBJ
C:\OOP_PROJECT\201512~4\YOOTMARBLEENGINE\DEBUG\MOC_GAMEDISPLAY.OBJ
C:\OOP_PROJECT\201512~4\YOOTMARBLEENGINE\DEBUG\MOC_STARTDISPLAY.OBJ
C:\OOP_PROJECT\201512~4\YOOTMARBLEENGINE\DEBUG\MOC_USER.OBJ
C:\OOP_PROJECT\201512~4\YOOTMARBLEENGINE\DEBUG\PIECE.OBJ
C:\OOP_PROJECT\201512~4\YOOTMARBLEENGINE\DEBUG\QRC_YOOTMARBLEENGINE.OBJ
C:\OOP_PROJECT\201512~4\YOOTMARBLEENGINE\DEBUG\STARTDISPLAY.OBJ
C:\OOP_PROJECT\201512~4\YOOTMARBLEENGINE\DEBUG\USER.OBJ
C:\OOP_PROJECT\201512~4\YOOTMARBLEENGINE\DEBUG\VC100.PDB
C:\OOP_PROJECT\201512~4\YOOTMARBLEENGINE\DEBUG\YOOTMARBLEENGINE.EXE.INTERMEDIATE.MANIFEST
C:\OOP_PROJECT\201512~4\YOOTMARBLEENGINE\DEBUG\YOOTMARBLEENGINE.OBJ
C:\OOP_PROJECT\201512~4\YOOTMARBLEENGINE\GENERATEDFILES\DEBUG\MOC_GAMEDISPLAY.CPP
C:\OOP_PROJECT\201512~4\YOOTMARBLEENGINE\GENERATEDFILES\DEBUG\MOC_STARTDISPLAY.CPP
C:\OOP_PROJECT\201512~4\YOOTMARBLEENGINE\GENERATEDFILES\DEBUG\MOC_USER.CPP
C:\OOP_PROJECT\201512~4\YOOTMARBLEENGINE\GENERATEDFILES\QRC_YOOTMARBLEENGINE.CPP
C:\OOP_PROJECT\201512~4\YOOTMARBLEENGINE\GENERATEDFILES\UI_YOOTMARBLEENGINE.H
C:\OOP_PROJECT\201512~5\WIN32\DEBUG\YOOTMARBLEENGINE.EXE
C:\OOP_PROJECT\201512~5\WIN32\DEBUG\YOOTMARBLEENGINE.ILK
C:\OOP_PROJECT\201512~5\WIN32\DEBUG\YOOTMARBLEENGINE.PDB
C:\OOP_PROJECT\201512~5\YOOTMARBLEENGINE\DEBUG\BOARD.OBJ
C:\OOP_PROJECT\201512~5\YOOTMARBLEENGINE\DEBUG\BUILDINGSPACE.OBJ
C:\OOP_PROJECT\201512~5\YOOTMARBLEENGINE\DEBUG\GAMEDISPLAY.OBJ
C:\OOP_PROJECT\201512~5\YOOTMARBLEENGINE\DEBUG\HEALINGSPACE.OBJ
C:\OOP_PROJECT\201512~5\YOOTMARBLEENGINE\DEBUG\MAIN.OBJ
C:\OOP_PROJECT\201512~5\YOOTMARBLEENGINE\DEBUG\MOC_GAMEDISPLAY.OBJ
C:\OOP_PROJECT\201512~5\YOOTMARBLEENGINE\DEBUG\MOC_STARTDISPLAY.OBJ
C:\OOP_PROJECT\201512~5\YOOTMARBLEENGINE\DEBUG\MOC_USER.OBJ
C:\OOP_PROJECT\201512~5\YOOTMARBLEENGINE\DEBUG\PIECE.OBJ
C:\OOP_PROJECT\201512~5\YOOTMARBLEENGINE\DEBUG\QRC_YOOTMARBLEENGINE.OBJ
C:\OOP_PROJECT\201512~5\YOOTMARBLEENGINE\DEBUG\STARTDISPLAY.OBJ
C:\OOP_PROJECT\201512~5\YOOTMARBLEENGINE\DEBUG\USER.OBJ
C:\OOP_PROJECT\201512~5\YOOTMARBLEENGINE\DEBUG\VC100.PDB
C:\OOP_PROJECT\201512~5\YOOTMARBLEENGINE\DEBUG\YOOTMARBLEENGINE.EXE.INTERMEDIATE.MANIFEST
C:\OOP_PROJECT\201512~5\YOOTMARBLEENGINE\DEBUG\YOOTMARBLEENGINE.OBJ
C:\OOP_PROJECT\201512~5\YOOTMARBLEENGINE\GENERATEDFILES\DEBUG\MOC_GAMEDISPLAY.CPP
C:\OOP_PROJECT\201512~5\YOOTMARBLEENGINE\GENERATEDFILES\DEBUG\MOC_STARTDISPLAY.CPP
C:\OOP_PROJECT\201512~5\YOOTMARBLEENGINE\GENERATEDFILES\DEBUG\MOC_USER.CPP
C:\OOP_PROJECT\201512~5\YOOTMARBLEENGINE\GENERATEDFILES\QRC_YOOTMARBLEENGINE.CPP
C:\OOP_PROJECT\201512~5\YOOTMARBLEENGINE\GENERATEDFILES\UI_YOOTMARBLEENGINE.H
C:\OOP_PROJECT\20151206\WIN32\DEBUG\YOOTMARBLEENGINE.EXE
C:\OOP_PROJECT\20151206\WIN32\DEBUG\YOOTMARBLEENGINE.ILK
C:\OOP_PROJECT\20151206\WIN32\DEBUG\YOOTMARBLEENGINE.PDB
C:\OOP_PROJECT\20151206\YOOTMARBLEENGINE\DEBUG\BOARD.OBJ
C:\OOP_PROJECT\20151206\YOOTMARBLEENGINE\DEBUG\BUILDINGSPACE.OBJ
C:\OOP_PROJECT\20151206\YOOTMARBLEENGINE\DEBUG\GAMEDISPLAY.OBJ
C:\OOP_PROJECT\20151206\YOOTMARBLEENGINE\DEBUG\HEALINGSPACE.OBJ
C:\OOP_PROJECT\20151206\YOOTMARBLEENGINE\DEBUG\MAIN.OBJ
C:\OOP_PROJECT\20151206\YOOTMARBLEENGINE\DEBUG\MOC_GAMEDISPLAY.OBJ
C:\OOP_PROJECT\20151206\YOOTMARBLEENGINE\DEBUG\MOC_STARTDISPLAY.OBJ
C:\OOP_PROJECT\20151206\YOOTMARBLEENGINE\DEBUG\MOC_USER.OBJ
C:\OOP_PROJECT\20151206\YOOTMARBLEENGINE\DEBUG\PIECE.OBJ
C:\OOP_PROJECT\20151206\YOOTMARBLEENGINE\DEBUG\QRC_YOOTMARBLEENGINE.OBJ
C:\OOP_PROJECT\20151206\YOOTMARBLEENGINE\DEBUG\STARTDISPLAY.OBJ
C:\OOP_PROJECT\20151206\YOOTMARBLEENGINE\DEBUG\USER.OBJ
C:\OOP_PROJECT\20151206\YOOTMARBLEENGINE\DEBUG\VC100.PDB
C:\OOP_PROJECT\20151206\YOOTMARBLEENGINE\DEBUG\YOOTMARBLEENGINE.EXE.INTERMEDIATE.MANIFEST
C:\OOP_PROJECT\20151206\YOOTMARBLEENGINE\DEBUG\YOOTMARBLEENGINE.OBJ
C:\OOP_PROJECT\20151206\YOOTMARBLEENGINE\GENERATEDFILES\DEBUG\MOC_GAMEDISPLAY.CPP
C:\OOP_PROJECT\20151206\YOOTMARBLEENGINE\GENERATEDFILES\DEBUG\MOC_STARTDISPLAY.CPP
C:\OOP_PROJECT\20151206\YOOTMARBLEENGINE\GENERATEDFILES\DEBUG\MOC_USER.CPP
C:\OOP_PROJECT\20151206\YOOTMARBLEENGINE\GENERATEDFILES\QRC_YOOTMARBLEENGINE.CPP
C:\OOP_PROJECT\20151206\YOOTMARBLEENGINE\GENERATEDFILES\UI_YOOTMARBLEENGINE.H
C:\OOP_PROJECT\YOOTMA~3\WIN32\DEBUG\YOOTMARBLEENGINE.EXE
C:\OOP_PROJECT\YOOTMA~3\WIN32\DEBUG\YOOTMARBLEENGINE.ILK
C:\OOP_PROJECT\YOOTMA~3\WIN32\DEBUG\YOOTMARBLEENGINE.PDB
C:\OOP_PROJECT\YOOTMA~3\YOOTMARBLEENGINE\DEBUG\BOARD.OBJ
C:\OOP_PROJECT\YOOTMA~3\YOOTMARBLEENGINE\DEBUG\BUILDINGSPACE.OBJ
C:\OOP_PROJECT\YOOTMA~3\YOOTMARBLEENGINE\DEBUG\GAMEDISPLAY.OBJ
C:\OOP_PROJECT\YOOTMA~3\YOOTMARBLEENGINE\DEBUG\HEALINGSPACE.OBJ
C:\OOP_PROJECT\YOOTMA~3\YOOTMARBLEENGINE\DEBUG\MAIN.OBJ
C:\OOP_PROJECT\YOOTMA~3\YOOTMARBLEENGINE\DEBUG\MOC_GAMEDISPLAY.OBJ
C:\OOP_PROJECT\YOOTMA~3\YOOTMARBLEENGINE\DEBUG\MOC_STARTDISPLAY.OBJ
C:\OOP_PROJECT\YOOTMA~3\YOOTMARBLEENGINE\DEBUG\MOC_USER.OBJ
C:\OOP_PROJECT\YOOTMA~3\YOOTMARBLEENGINE\DEBUG\PIECE.OBJ
C:\OOP_PROJECT\YOOTMA~3\YOOTMARBLEENGINE\DEBUG\QRC_YOOTMARBLEENGINE.OBJ
C:\OOP_PROJECT\YOOTMA~3\YOOTMARBLEENGINE\DEBUG\STARTDISPLAY.OBJ
C:\OOP_PROJECT\YOOTMA~3\YOOTMARBLEENGINE\DEBUG\USER.OBJ
C:\OOP_PROJECT\YOOTMA~3\YOOTMARBLEENGINE\DEBUG\VC100.PDB
C:\OOP_PROJECT\YOOTMA~3\YOOTMARBLEENGINE\DEBUG\YOOTMARBLEENGINE.EXE.INTERMEDIATE.MANIFEST
C:\OOP_PROJECT\YOOTMA~3\YOOTMARBLEENGINE\DEBUG\YOOTMARBLEENGINE.OBJ
C:\OOP_PROJECT\YOOTMA~3\YOOTMARBLEENGINE\GENERATEDFILES\DEBUG\MOC_GAMEDISPLAY.CPP
C:\OOP_PROJECT\YOOTMA~3\YOOTMARBLEENGINE\GENERATEDFILES\DEBUG\MOC_STARTDISPLAY.CPP
C:\OOP_PROJECT\YOOTMA~3\YOOTMARBLEENGINE\GENERATEDFILES\DEBUG\MOC_USER.CPP
C:\OOP_PROJECT\YOOTMA~3\YOOTMARBLEENGINE\GENERATEDFILES\QRC_YOOTMARBLEENGINE.CPP
C:\OOP_PROJECT\YOOTMA~3\YOOTMARBLEENGINE\GENERATEDFILES\UI_YOOTMARBLEENGINE.H
C:\OOP_PROJECT\최종일~1\WIN32\DEBUG\YOOTMARBLEENGINE.EXE
C:\OOP_PROJECT\최종일~1\WIN32\DEBUG\YOOTMARBLEENGINE.ILK
C:\OOP_PROJECT\최종일~1\WIN32\DEBUG\YOOTMARBLEENGINE.PDB
C:\OOP_PROJECT\최종일~1\YOOTMARBLEENGINE\DEBUG\BOARD.OBJ
C:\OOP_PROJECT\최종일~1\YOOTMARBLEENGINE\DEBUG\BUILDINGSPACE.OBJ
C:\oop_project\최종일~1\yootMarbleEngine\Debug\cl.command.1.tlog
C:\oop_project\최종일~1\yootMarbleEngine\Debug\CL.read.1.tlog
C:\oop_project\최종일~1\yootMarbleEngine\Debug\CL.write.1.tlog
C:\oop_project\최종일~1\yootMarbleEngine\Debug\custombuild.command.1.tlog
C:\oop_project\최종일~1\yootMarbleEngine\Debug\custombuild.read.1.tlog
C:\oop_project\최종일~1\yootMarbleEngine\Debug\custombuild.write.1.tlog
C:\oop_project\최종일~1\yootMarbleEngine\Debug\display.obj
C:\OOP_PROJECT\최종일~1\YOOTMARBLEENGINE\DEBUG\GAMEDISPLAY.OBJ
C:\OOP_PROJECT\최종일~1\YOOTMARBLEENGINE\DEBUG\HEALINGSPACE.OBJ
C:\oop_project\최종일~1\yootMarbleEngine\Debug\link.12700.read.1.tlog
C:\oop_project\최종일~1\yootMarbleEngine\Debug\link.12700.write.1.tlog
C:\oop_project\최종일~1\yootMarbleEngine\Debug\link.18056.read.1.tlog
C:\oop_project\최종일~1\yootMarbleEngine\Debug\link.18056.write.1.tlog
C:\oop_project\최종일~1\yootMarbleEngine\Debug\link.8428.read.1.tlog
C:\oop_project\최종일~1\yootMarbleEngine\Debug\link.8428.write.1.tlog
C:\oop_project\최종일~1\yootMarbleEngine\Debug\link.command.1.tlog
C:\oop_project\최종일~1\yootMarbleEngine\Debug\link.read.1.tlog
C:\oop_project\최종일~1\yootMarbleEngine\Debug\link.write.1.tlog
C:\OOP_PROJECT\최종일~1\YOOTMARBLEENGINE\DEBUG\MAIN.OBJ
C:\oop_project\최종일~1\yootMarbleEngine\Debug\moc_display.obj
C:\OOP_PROJECT\최종일~1\YOOTMARBLEENGINE\DEBUG\MOC_GAMEDISPLAY.OBJ
C:\OOP_PROJECT\최종일~1\YOOTMARBLEENGINE\DEBUG\MOC_STARTDISPLAY.OBJ
C:\OOP_PROJECT\최종일~1\YOOTMARBLEENGINE\DEBUG\MOC_USER.OBJ
C:\oop_project\최종일~1\yootMarbleEngine\Debug\moc_yootmarbleengine.obj
C:\oop_project\최종일~1\yootMarbleEngine\Debug\mt.command.1.tlog
C:\oop_project\최종일~1\yootMarbleEngine\Debug\mt.read.1.tlog
C:\oop_project\최종일~1\yootMarbleEngine\Debug\mt.write.1.tlog
C:\OOP_PROJECT\최종일~1\YOOTMARBLEENGINE\DEBUG\PIECE.OBJ
C:\OOP_PROJECT\최종일~1\YOOTMARBLEENGINE\DEBUG\QRC_YOOTMARBLEENGINE.OBJ
C:\OOP_PROJECT\최종일~1\YOOTMARBLEENGINE\DEBUG\STARTDISPLAY.OBJ
C:\OOP_PROJECT\최종일~1\YOOTMARBLEENGINE\DEBUG\USER.OBJ
C:\OOP_PROJECT\최종일~1\YOOTMARBLEENGINE\DEBUG\VC100.PDB
C:\OOP_PROJECT\최종일~1\YOOTMARBLEENGINE\DEBUG\YOOTMARBLEENGINE.EXE.INTERMEDIATE.MANIFEST
C:\OOP_PROJECT\최종일~1\YOOTMARBLEENGINE\DEBUG\YOOTMARBLEENGINE.OBJ
C:\oop_project\최종일~1\yootMarbleEngine\Debug\yootMarbleEngine.vcxprojResolveAssemblyReference.cache
C:\oop_project\최종일~1\yootMarbleEngine\Debug\yootMarbleEngine.write.1.tlog
C:\OOP_PROJECT\최종일~1\YOOTMARBLEENGINE\GENERATEDFILES\DEBUG\MOC_GAMEDISPLAY.CPP
C:\OOP_PROJECT\최종일~1\YOOTMARBLEENGINE\GENERATEDFILES\DEBUG\MOC_STARTDISPLAY.CPP
C:\OOP_PROJECT\최종일~1\YOOTMARBLEENGINE\GENERATEDFILES\DEBUG\MOC_USER.CPP
C:\OOP_PROJECT\최종일~1\YOOTMARBLEENGINE\GENERATEDFILES\QRC_YOOTMARBLEENGINE.CPP
C:\OOP_PROJECT\최종일~1\YOOTMARBLEENGINE\GENERATEDFILES\UI_YOOTMARBLEENGINE.H
C:\PROGRAM FILES\AHNLAB\SAFE TRANSACTION\LOG\NZBRCO32.LOG
C:\USERS\JUNYOUNG\DESKTOP\151206_김준영_V6\WIN32\DEBUG\YOOTMARBLEENGINE.EXE
C:\USERS\JUNYOUNG\DESKTOP\151206_김준영_V6\WIN32\DEBUG\YOOTMARBLEENGINE.ILK
C:\USERS\JUNYOUNG\DESKTOP\151206_김준영_V6\WIN32\DEBUG\YOOTMARBLEENGINE.PDB
C:\USERS\JUNYOUNG\DESKTOP\151206_김준영_V6\YOOTMARBLEENGINE\DEBUG\BOARD.OBJ
C:\USERS\JUNYOUNG\DESKTOP\151206_김준영_V6\YOOTMARBLEENGINE\DEBUG\BUILDINGSPACE.OBJ
C:\USERS\JUNYOUNG\DESKTOP\151206_김준영_V6\YOOTMARBLEENGINE\DEBUG\GAMEDISPLAY.OBJ
C:\USERS\JUNYOUNG\DESKTOP\151206_김준영_V6\YOOTMARBLEENGINE\DEBUG\HEALINGSPACE.OBJ
C:\USERS\JUNYOUNG\DESKTOP\151206_김준영_V6\YOOTMARBLEENGINE\DEBUG\MAIN.OBJ
C:\USERS\JUNYOUNG\DESKTOP\151206_김준영_V6\YOOTMARBLEENGINE\DEBUG\MOC_GAMEDISPLAY.OBJ
C:\USERS\JUNYOUNG\DESKTOP\151206_김준영_V6\YOOTMARBLEENGINE\DEBUG\MOC_STARTDISPLAY.OBJ
C:\USERS\JUNYOUNG\DESKTOP\151206_김준영_V6\YOOTMARBLEENGINE\DEBUG\MOC_USER.OBJ
C:\USERS\JUNYOUNG\DESKTOP\151206_김준영_V6\YOOTMARBLEENGINE\DEBUG\PIECE.OBJ
C:\USERS\JUNYOUNG\DESKTOP\151206_김준영_V6\YOOTMARBLEENGINE\DEBUG\QRC_YOOTMARBLEENGINE.OBJ
C:\USERS\JUNYOUNG\DESKTOP\151206_김준영_V6\YOOTMARBLEENGINE\DEBUG\STARTDISPLAY.OBJ
C:\USERS\JUNYOUNG\DESKTOP\151206_김준영_V6\YOOTMARBLEENGINE\DEBUG\USER.OBJ
C:\USERS\JUNYOUNG\DESKTOP\151206_김준영_V6\YOOTMARBLEENGINE\DEBUG\VC100.PDB
C:\USERS\JUNYOUNG\DESKTOP\151206_김준영_V6\YOOTMARBLEENGINE\DEBUG\YOOTMARBLEENGINE.EXE.INTERMEDIATE.MANIFEST
C:\USERS\JUNYOUNG\DESKTOP\151206_김준영_V6\YOOTMARBLEENGINE\DEBUG\YOOTMARBLEENGINE.OBJ
C:\USERS\JUNYOUNG\DESKTOP\151206_김준영_V6\YOOTMARBLEENGINE\GENERATEDFILES\DEBUG\MOC_GAMEDISPLAY.CPP
C:\USERS\JUNYOUNG\DESKTOP\151206_김준영_V6\YOOTMARBLEENGINE\GENERATEDFILES\DEBUG\MOC_STARTDISPLAY.CPP
C:\USERS\JUNYOUNG\DESKTOP\151206_김준영_V6\YOOTMARBLEENGINE\GENERATEDFILES\DEBUG\MOC_USER.CPP
C:\USERS\JUNYOUNG\DESKTOP\151206_김준영_V6\YOOTMARBLEENGINE\GENERATEDFILES\QRC_YOOTMARBLEENGINE.CPP
C:\USERS\JUNYOUNG\DESKTOP\151206_김준영_V6\YOOTMARBLEENGINE\GENERATEDFILES\UI_YOOTMARBLEENGINE.H
C:\USERS\JUNYOUNG\DESKTOP\55P 프로젝트\BACKUPS\151206_김준영_V6\WIN32\DEBUG\YOOTMARBLEENGINE.EXE
C:\USERS\JUNYOUNG\DESKTOP\55P 프로젝트\BACKUPS\151206_김준영_V6\WIN32\DEBUG\YOOTMARBLEENGINE.ILK
C:\USERS\JUNYOUNG\DESKTOP\55P 프로젝트\BACKUPS\151206_김준영_V6\WIN32\DEBUG\YOOTMARBLEENGINE.PDB
C:\USERS\JUNYOUNG\DESKTOP\55P 프로젝트\BACKUPS\151206_김준영_V6\YOOTMARBLEENGINE\DEBUG\BOARD.OBJ
C:\USERS\JUNYOUNG\DESKTOP\55P 프로젝트\BACKUPS\151206_김준영_V6\YOOTMARBLEENGINE\DEBUG\BUILDINGSPACE.OBJ
C:\USERS\JUNYOUNG\DESKTOP\55P 프로젝트\BACKUPS\151206_김준영_V6\YOOTMARBLEENGINE\DEBUG\GAMEDISPLAY.OBJ
C:\USERS\JUNYOUNG\DESKTOP\55P 프로젝트\BACKUPS\151206_김준영_V6\YOOTMARBLEENGINE\DEBUG\HEALINGSPACE.OBJ
C:\USERS\JUNYOUNG\DESKTOP\55P 프로젝트\BACKUPS\151206_김준영_V6\YOOTMARBLEENGINE\DEBUG\MAIN.OBJ
C:\USERS\JUNYOUNG\DESKTOP\55P 프로젝트\BACKUPS\151206_김준영_V6\YOOTMARBLEENGINE\DEBUG\MOC_GAMEDISPLAY.OBJ
C:\USERS\JUNYOUNG\DESKTOP\55P 프로젝트\BACKUPS\151206_김준영_V6\YOOTMARBLEENGINE\DEBUG\MOC_STARTDISPLAY.OBJ
C:\USERS\JUNYOUNG\DESKTOP\55P 프로젝트\BACKUPS\151206_김준영_V6\YOOTMARBLEENGINE\DEBUG\MOC_USER.OBJ
C:\USERS\JUNYOUNG\DESKTOP\55P 프로젝트\BACKUPS\151206_김준영_V6\YOOTMARBLEENGINE\DEBUG\PIECE.OBJ
C:\USERS\JUNYOUNG\DESKTOP\55P 프로젝트\BACKUPS\151206_김준영_V6\YOOTMARBLEENGINE\DEBUG\QRC_YOOTMARBLEENGINE.OBJ
C:\USERS\JUNYOUNG\DESKTOP\55P 프로젝트\BACKUPS\151206_김준영_V6\YOOTMARBLEENGINE\DEBUG\STARTDISPLAY.OBJ
C:\USERS\JUNYOUNG\DESKTOP\55P 프로젝트\BACKUPS\151206_김준영_V6\YOOTMARBLEENGINE\DEBUG\USER.OBJ
C:\USERS\JUNYOUNG\DESKTOP\55P 프로젝트\BACKUPS\151206_김준영_V6\YOOTMARBLEENGINE\DEBUG\VC100.PDB
C:\USERS\JUNYOUNG\DESKTOP\55P 프로젝트\BACKUPS\151206_김준영_V6\YOOTMARBLEENGINE\DEBUG\YOOTMARBLEENGINE.EXE.INTERMEDIATE.MANIFEST
C:\USERS\JUNYOUNG\DESKTOP\55P 프로젝트\BACKUPS\151206_김준영_V6\YOOTMARBLEENGINE\DEBUG\YOOTMARBLEENGINE.OBJ
C:\USERS\JUNYOUNG\DESKTOP\55P 프로젝트\BACKUPS\151206_김준영_V6\YOOTMARBLEENGINE\GENERATEDFILES\DEBUG\MOC_GAMEDISPLAY.CPP
C:\USERS\JUNYOUNG\DESKTOP\55P 프로젝트\BACKUPS\151206_김준영_V6\YOOTMARBLEENGINE\GENERATEDFILES\DEBUG\MOC_STARTDISPLAY.CPP
C:\USERS\JUNYOUNG\DESKTOP\55P 프로젝트\BACKUPS\151206_김준영_V6\YOOTMARBLEENGINE\GENERATEDFILES\DEBUG\MOC_USER.CPP
C:\USERS\JUNYOUNG\DESKTOP\55P 프로젝트\BACKUPS\151206_김준영_V6\YOOTMARBLEENGINE\GENERATEDFILES\QRC_YOOTMARBLEENGINE.CPP
C:\USERS\JUNYOUNG\DESKTOP\55P 프로젝트\BACKUPS\151206_김준영_V6\YOOTMARBLEENGINE\GENERATEDFILES\UI_YOOTMARBLEENGINE.H
C:\USERS\JUNYOUNG\DESKTOP\55P 프로젝트\BACKUPS\151206_김준영_V7\WIN32\DEBUG\YOOTMARBLEENGINE.EXE
C:\USERS\JUNYOUNG\DESKTOP\55P 프로젝트\BACKUPS\151206_김준영_V7\WIN32\DEBUG\YOOTMARBLEENGINE.ILK
C:\USERS\JUNYOUNG\DESKTOP\55P 프로젝트\BACKUPS\151206_김준영_V7\WIN32\DEBUG\YOOTMARBLEENGINE.PDB
C:\USERS\JUNYOUNG\DESKTOP\55P 프로젝트\BACKUPS\151206_김준영_V7\YOOTMARBLEENGINE\DEBUG\BOARD.OBJ
C:\USERS\JUNYOUNG\DESKTOP\55P 프로젝트\BACKUPS\151206_김준영_V7\YOOTMARBLEENGINE\DEBUG\BUILDINGSPACE.OBJ
C:\USERS\JUNYOUNG\DESKTOP\55P 프로젝트\BACKUPS\151206_김준영_V7\YOOTMARBLEENGINE\DEBUG\GAMEDISPLAY.OBJ
C:\USERS\JUNYOUNG\DESKTOP\55P 프로젝트\BACKUPS\151206_김준영_V7\YOOTMARBLEENGINE\DEBUG\HEALINGSPACE.OBJ
C:\USERS\JUNYOUNG\DESKTOP\55P 프로젝트\BACKUPS\151206_김준영_V7\YOOTMARBLEENGINE\DEBUG\MAIN.OBJ
C:\USERS\JUNYOUNG\DESKTOP\55P 프로젝트\BACKUPS\151206_김준영_V7\YOOTMARBLEENGINE\DEBUG\MOC_GAMEDISPLAY.OBJ
C:\USERS\JUNYOUNG\DESKTOP\55P 프로젝트\BACKUPS\151206_김준영_V7\YOOTMARBLEENGINE\DEBUG\MOC_STARTDISPLAY.OBJ
C:\USERS\JUNYOUNG\DESKTOP\55P 프로젝트\BACKUPS\151206_김준영_V7\YOOTMARBLEENGINE\DEBUG\MOC_USER.OBJ
C:\USERS\JUNYOUNG\DESKTOP\55P 프로젝트\BACKUPS\151206_김준영_V7\YOOTMARBLEENGINE\DEBUG\PIECE.OBJ
C:\USERS\JUNYOUNG\DESKTOP\55P 프로젝트\BACKUPS\151206_김준영_V7\YOOTMARBLEENGINE\DEBUG\QRC_YOOTMARBLEENGINE.OBJ
C:\USERS\JUNYOUNG\DESKTOP\55P 프로젝트\BACKUPS\151206_김준영_V7\YOOTMARBLEENGINE\DEBUG\STARTDISPLAY.OBJ
C:\USERS\JUNYOUNG\DESKTOP\55P 프로젝트\BACKUPS\151206_김준영_V7\YOOTMARBLEENGINE\DEBUG\USER.OBJ
C:\USERS\JUNYOUNG\DESKTOP\55P 프로젝트\BACKUPS\151206_김준영_V7\YOOTMARBLEENGINE\DEBUG\VC100.PDB
C:\USERS\JUNYOUNG\DESKTOP\55P 프로젝트\BACKUPS\151206_김준영_V7\YOOTMARBLEENGINE\DEBUG\YOOTMARBLEENGINE.EXE.INTERMEDIATE.MANIFEST
C:\USERS\JUNYOUNG\DESKTOP\55P 프로젝트\BACKUPS\151206_김준영_V7\YOOTMARBLEENGINE\DEBUG\YOOTMARBLEENGINE.OBJ
C:\USERS\JUNYOUNG\DESKTOP\55P 프로젝트\BACKUPS\151206_김준영_V7\YOOTMARBLEENGINE\GENERATEDFILES\DEBUG\MOC_GAMEDISPLAY.CPP
C:\USERS\JUNYOUNG\DESKTOP\55P 프로젝트\BACKUPS\151206_김준영_V7\YOOTMARBLEENGINE\GENERATEDFILES\DEBUG\MOC_STARTDISPLAY.CPP
C:\USERS\JUNYOUNG\DESKTOP\55P 프로젝트\BACKUPS\151206_김준영_V7\YOOTMARBLEENGINE\GENERATEDFILES\DEBUG\MOC_USER.CPP
C:\USERS\JUNYOUNG\DESKTOP\55P 프로젝트\BACKUPS\151206_김준영_V7\YOOTMARBLEENGINE\GENERATEDFILES\QRC_YOOTMARBLEENGINE.CPP
C:\USERS\JUNYOUNG\DESKTOP\55P 프로젝트\BACKUPS\151206_김준영_V7\YOOTMARBLEENGINE\GENERATEDFILES\UI_YOOTMARBLEENGINE.H
C:\USERS\JUNYOUNG\DESKTOP\55P 프로젝트\BACKUPS\20151205_백우정_V1\YOOTMA~3\WIN32\DEBUG\YOOTMARBLEENGINE.EXE
C:\USERS\JUNYOUNG\DESKTOP\55P 프로젝트\BACKUPS\20151205_백우정_V1\YOOTMA~3\WIN32\DEBUG\YOOTMARBLEENGINE.ILK
C:\USERS\JUNYOUNG\DESKTOP\55P 프로젝트\BACKUPS\20151205_백우정_V1\YOOTMA~3\WIN32\DEBUG\YOOTMARBLEENGINE.PDB
C:\USERS\JUNYOUNG\DESKTOP\55P 프로젝트\BACKUPS\20151205_백우정_V1\YOOTMA~3\YOOTMARBLEENGINE\DEBUG\BOARD.OBJ
C:\USERS\JUNYOUNG\DESKTOP\55P 프로젝트\BACKUPS\20151205_백우정_V1\YOOTMA~3\YOOTMARBLEENGINE\DEBUG\BUILDINGSPACE.OBJ
C:\USERS\JUNYOUNG\DESKTOP\55P 프로젝트\BACKUPS\20151205_백우정_V1\YOOTMA~3\YOOTMARBLEENGINE\DEBUG\GAMEDISPLAY.OBJ
C:\USERS\JUNYOUNG\DESKTOP\55P 프로젝트\BACKUPS\20151205_백우정_V1\YOOTMA~3\YOOTMARBLEENGINE\DEBUG\HEALINGSPACE.OBJ
C:\USERS\JUNYOUNG\DESKTOP\55P 프로젝트\BACKUPS\20151205_백우정_V1\YOOTMA~3\YOOTMARBLEENGINE\DEBUG\MAIN.OBJ
C:\USERS\JUNYOUNG\DESKTOP\55P 프로젝트\BACKUPS\20151205_백우정_V1\YOOTMA~3\YOOTMARBLEENGINE\DEBUG\MOC_GAMEDISPLAY.OBJ
C:\USERS\JUNYOUNG\DESKTOP\55P 프로젝트\BACKUPS\20151205_백우정_V1\YOOTMA~3\YOOTMARBLEENGINE\DEBUG\MOC_STARTDISPLAY.OBJ
C:\USERS\JUNYOUNG\DESKTOP\55P 프로젝트\BACKUPS\20151205_백우정_V1\YOOTMA~3\YOOTMARBLEENGINE\DEBUG\MOC_USER.OBJ
C:\USERS\JUNYOUNG\DESKTOP\55P 프로젝트\BACKUPS\20151205_백우정_V1\YOOTMA~3\YOOTMARBLEENGINE\DEBUG\PIECE.OBJ
C:\USERS\JUNYOUNG\DESKTOP\55P 프로젝트\BACKUPS\20151205_백우정_V1\YOOTMA~3\YOOTMARBLEENGINE\DEBUG\QRC_YOOTMARBLEENGINE.OBJ
C:\USERS\JUNYOUNG\DESKTOP\55P 프로젝트\BACKUPS\20151205_백우정_V1\YOOTMA~3\YOOTMARBLEENGINE\DEBUG\STARTDISPLAY.OBJ
C:\USERS\JUNYOUNG\DESKTOP\55P 프로젝트\BACKUPS\20151205_백우정_V1\YOOTMA~3\YOOTMARBLEENGINE\DEBUG\USER.OBJ
C:\USERS\JUNYOUNG\DESKTOP\55P 프로젝트\BACKUPS\20151205_백우정_V1\YOOTMA~3\YOOTMARBLEENGINE\DEBUG\VC100.PDB
C:\USERS\JUNYOUNG\DESKTOP\55P 프로젝트\BACKUPS\20151205_백우정_V1\YOOTMA~3\YOOTMARBLEENGINE\DEBUG\YOOTMARBLEENGINE.EXE.INTERMEDIATE.MANIFEST
C:\USERS\JUNYOUNG\DESKTOP\55P 프로젝트\BACKUPS\20151205_백우정_V1\YOOTMA~3\YOOTMARBLEENGINE\DEBUG\YOOTMARBLEENGINE.OBJ
C:\USERS\JUNYOUNG\DESKTOP\55P 프로젝트\BACKUPS\20151205_백우정_V1\YOOTMA~3\YOOTMARBLEENGINE\GENERATEDFILES\DEBUG\MOC_GAMEDISPLAY.CPP
C:\USERS\JUNYOUNG\DESKTOP\55P 프로젝트\BACKUPS\20151205_백우정_V1\YOOTMA~3\YOOTMARBLEENGINE\GENERATEDFILES\DEBUG\MOC_STARTDISPLAY.CPP
C:\USERS\JUNYOUNG\DESKTOP\55P 프로젝트\BACKUPS\20151205_백우정_V1\YOOTMA~3\YOOTMARBLEENGINE\GENERATEDFILES\DEBUG\MOC_USER.CPP
C:\USERS\JUNYOUNG\DESKTOP\55P 프로젝트\BACKUPS\20151205_백우정_V1\YOOTMA~3\YOOTMARBLEENGINE\GENERATEDFILES\QRC_YOOTMARBLEENGINE.CPP
C:\USERS\JUNYOUNG\DESKTOP\55P 프로젝트\BACKUPS\20151205_백우정_V1\YOOTMA~3\YOOTMARBLEENGINE\GENERATEDFILES\UI_YOOTMARBLEENGINE.H
C:\USERS\JUNYOUNG\DESKTOP\55P 프로젝트\BACKUPS\20151206_김준영_V3\WIN32\DEBUG\YOOTMARBLEENGINE.EXE
C:\USERS\JUNYOUNG\DESKTOP\55P 프로젝트\BACKUPS\20151206_김준영_V3\WIN32\DEBUG\YOOTMARBLEENGINE.ILK
C:\USERS\JUNYOUNG\DESKTOP\55P 프로젝트\BACKUPS\20151206_김준영_V3\WIN32\DEBUG\YOOTMARBLEENGINE.PDB
C:\USERS\JUNYOUNG\DESKTOP\55P 프로젝트\BACKUPS\20151206_김준영_V3\YOOTMARBLEENGINE\DEBUG\BOARD.OBJ
C:\USERS\JUNYOUNG\DESKTOP\55P 프로젝트\BACKUPS\20151206_김준영_V3\YOOTMARBLEENGINE\DEBUG\BUILDINGSPACE.OBJ
C:\USERS\JUNYOUNG\DESKTOP\55P 프로젝트\BACKUPS\20151206_김준영_V3\YOOTMARBLEENGINE\DEBUG\GAMEDISPLAY.OBJ
C:\USERS\JUNYOUNG\DESKTOP\55P 프로젝트\BACKUPS\20151206_김준영_V3\YOOTMARBLEENGINE\DEBUG\HEALINGSPACE.OBJ
C:\USERS\JUNYOUNG\DESKTOP\55P 프로젝트\BACKUPS\20151206_김준영_V3\YOOTMARBLEENGINE\DEBUG\MAIN.OBJ
C:\USERS\JUNYOUNG\DESKTOP\55P 프로젝트\BACKUPS\20151206_김준영_V3\YOOTMARBLEENGINE\DEBUG\MOC_GAMEDISPLAY.OBJ
C:\USERS\JUNYOUNG\DESKTOP\55P 프로젝트\BACKUPS\20151206_김준영_V3\YOOTMARBLEENGINE\DEBUG\MOC_STARTDISPLAY.OBJ
C:\USERS\JUNYOUNG\DESKTOP\55P 프로젝트\BACKUPS\20151206_김준영_V3\YOOTMARBLEENGINE\DEBUG\MOC_USER.OBJ
C:\USERS\JUNYOUNG\DESKTOP\55P 프로젝트\BACKUPS\20151206_김준영_V3\YOOTMARBLEENGINE\DEBUG\PIECE.OBJ
C:\USERS\JUNYOUNG\DESKTOP\55P 프로젝트\BACKUPS\20151206_김준영_V3\YOOTMARBLEENGINE\DEBUG\QRC_YOOTMARBLEENGINE.OBJ
C:\USERS\JUNYOUNG\DESKTOP\55P 프로젝트\BACKUPS\20151206_김준영_V3\YOOTMARBLEENGINE\DEBUG\STARTDISPLAY.OBJ
C:\USERS\JUNYOUNG\DESKTOP\55P 프로젝트\BACKUPS\20151206_김준영_V3\YOOTMARBLEENGINE\DEBUG\USER.OBJ
C:\USERS\JUNYOUNG\DESKTOP\55P 프로젝트\BACKUPS\20151206_김준영_V3\YOOTMARBLEENGINE\DEBUG\VC100.PDB
C:\USERS\JUNYOUNG\DESKTOP\55P 프로젝트\BACKUPS\20151206_김준영_V3\YOOTMARBLEENGINE\DEBUG\YOOTMARBLEENGINE.EXE.INTERMEDIATE.MANIFEST
C:\USERS\JUNYOUNG\DESKTOP\55P 프로젝트\BACKUPS\20151206_김준영_V3\YOOTMARBLEENGINE\DEBUG\YOOTMARBLEENGINE.OBJ
C:\USERS\JUNYOUNG\DESKTOP\55P 프로젝트\BACKUPS\20151206_김준영_V3\YOOTMARBLEENGINE\GENERATEDFILES\DEBUG\MOC_GAMEDISPLAY.CPP
C:\USERS\JUNYOUNG\DESKTOP\55P 프로젝트\BACKUPS\20151206_김준영_V3\YOOTMARBLEENGINE\GENERATEDFILES\DEBUG\MOC_STARTDISPLAY.CPP
C:\USERS\JUNYOUNG\DESKTOP\55P 프로젝트\BACKUPS\20151206_김준영_V3\YOOTMARBLEENGINE\GENERATEDFILES\DEBUG\MOC_USER.CPP
C:\USERS\JUNYOUNG\DESKTOP\55P 프로젝트\BACKUPS\20151206_김준영_V3\YOOTMARBLEENGINE\GENERATEDFILES\QRC_YOOTMARBLEENGINE.CPP
C:\USERS\JUNYOUNG\DESKTOP\55P 프로젝트\BACKUPS\20151206_김준영_V3\YOOTMARBLEENGINE\GENERATEDFILES\UI_YOOTMARBLEENGINE.H
C:\USERS\JUNYOUNG\DESKTOP\55P 프로젝트\BACKUPS\20151206_박경원_V3\YOOTMA~3\WIN32\DEBUG\YOOTMARBLEENGINE.EXE
C:\USERS\JUNYOUNG\DESKTOP\55P 프로젝트\BACKUPS\20151206_박경원_V3\YOOTMA~3\WIN32\DEBUG\YOOTMARBLEENGINE.ILK
C:\USERS\JUNYOUNG\DESKTOP\55P 프로젝트\BACKUPS\20151206_박경원_V3\YOOTMA~3\WIN32\DEBUG\YOOTMARBLEENGINE.PDB
C:\USERS\JUNYOUNG\DESKTOP\55P 프로젝트\BACKUPS\20151206_박경원_V3\YOOTMA~3\YOOTMARBLEENGINE\DEBUG\BOARD.OBJ
C:\USERS\JUNYOUNG\DESKTOP\55P 프로젝트\BACKUPS\20151206_박경원_V3\YOOTMA~3\YOOTMARBLEENGINE\DEBUG\BUILDINGSPACE.OBJ
C:\USERS\JUNYOUNG\DESKTOP\55P 프로젝트\BACKUPS\20151206_박경원_V3\YOOTMA~3\YOOTMARBLEENGINE\DEBUG\GAMEDISPLAY.OBJ
C:\USERS\JUNYOUNG\DESKTOP\55P 프로젝트\BACKUPS\20151206_박경원_V3\YOOTMA~3\YOOTMARBLEENGINE\DEBUG\HEALINGSPACE.OBJ
C:\USERS\JUNYOUNG\DESKTOP\55P 프로젝트\BACKUPS\20151206_박경원_V3\YOOTMA~3\YOOTMARBLEENGINE\DEBUG\MAIN.OBJ
C:\USERS\JUNYOUNG\DESKTOP\55P 프로젝트\BACKUPS\20151206_박경원_V3\YOOTMA~3\YOOTMARBLEENGINE\DEBUG\MOC_GAMEDISPLAY.OBJ
C:\USERS\JUNYOUNG\DESKTOP\55P 프로젝트\BACKUPS\20151206_박경원_V3\YOOTMA~3\YOOTMARBLEENGINE\DEBUG\MOC_STARTDISPLAY.OBJ
C:\USERS\JUNYOUNG\DESKTOP\55P 프로젝트\BACKUPS\20151206_박경원_V3\YOOTMA~3\YOOTMARBLEENGINE\DEBUG\MOC_USER.OBJ
C:\USERS\JUNYOUNG\DESKTOP\55P 프로젝트\BACKUPS\20151206_박경원_V3\YOOTMA~3\YOOTMARBLEENGINE\DEBUG\PIECE.OBJ
C:\USERS\JUNYOUNG\DESKTOP\55P 프로젝트\BACKUPS\20151206_박경원_V3\YOOTMA~3\YOOTMARBLEENGINE\DEBUG\QRC_YOOTMARBLEENGINE.OBJ
C:\USERS\JUNYOUNG\DESKTOP\55P 프로젝트\BACKUPS\20151206_박경원_V3\YOOTMA~3\YOOTMARBLEENGINE\DEBUG\STARTDISPLAY.OBJ
C:\USERS\JUNYOUNG\DESKTOP\55P 프로젝트\BACKUPS\20151206_박경원_V3\YOOTMA~3\YOOTMARBLEENGINE\DEBUG\USER.OBJ
C:\USERS\JUNYOUNG\DESKTOP\55P 프로젝트\BACKUPS\20151206_박경원_V3\YOOTMA~3\YOOTMARBLEENGINE\DEBUG\VC100.PDB
C:\USERS\JUNYOUNG\DESKTOP\55P 프로젝트\BACKUPS\20151206_박경원_V3\YOOTMA~3\YOOTMARBLEENGINE\DEBUG\YOOTMARBLEENGINE.EXE.INTERMEDIATE.MANIFEST
C:\USERS\JUNYOUNG\DESKTOP\55P 프로젝트\BACKUPS\20151206_박경원_V3\YOOTMA~3\YOOTMARBLEENGINE\DEBUG\YOOTMARBLEENGINE.OBJ
C:\USERS\JUNYOUNG\DESKTOP\55P 프로젝트\BACKUPS\20151206_박경원_V3\YOOTMA~3\YOOTMARBLEENGINE\GENERATEDFILES\DEBUG\MOC_GAMEDISPLAY.CPP
C:\USERS\JUNYOUNG\DESKTOP\55P 프로젝트\BACKUPS\20151206_박경원_V3\YOOTMA~3\YOOTMARBLEENGINE\GENERATEDFILES\DEBUG\MOC_STARTDISPLAY.CPP
C:\USERS\JUNYOUNG\DESKTOP\55P 프로젝트\BACKUPS\20151206_박경원_V3\YOOTMA~3\YOOTMARBLEENGINE\GENERATEDFILES\DEBUG\MOC_USER.CPP
C:\USERS\JUNYOUNG\DESKTOP\55P 프로젝트\BACKUPS\20151206_박경원_V3\YOOTMA~3\YOOTMARBLEENGINE\GENERATEDFILES\QRC_YOOTMARBLEENGINE.CPP
C:\USERS\JUNYOUNG\DESKTOP\55P 프로젝트\BACKUPS\20151206_박경원_V3\YOOTMA~3\YOOTMARBLEENGINE\GENERATEDFILES\UI_YOOTMARBLEENGINE.H
C:\USERS\JUNYOUNG\DESKTOP\DOCUMENTS\VISUAL STUDIO 2010\PROJECTS\YOOTMARBLEENGINE\WIN32\DEBUG\YOOTMARBLEENGINE.EXE
C:\USERS\JUNYOUNG\DESKTOP\DOCUMENTS\VISUAL STUDIO 2010\PROJECTS\YOOTMARBLEENGINE\WIN32\DEBUG\YOOTMARBLEENGINE.ILK
C:\USERS\JUNYOUNG\DESKTOP\DOCUMENTS\VISUAL STUDIO 2010\PROJECTS\YOOTMARBLEENGINE\WIN32\DEBUG\YOOTMARBLEENGINE.PDB
C:\USERS\JUNYOUNG\DESKTOP\DOCUMENTS\VISUAL STUDIO 2010\PROJECTS\YOOTMARBLEENGINE\YOOTMARBLEENGINE\DEBUG\BOARD.OBJ
C:\USERS\JUNYOUNG\DESKTOP\DOCUMENTS\VISUAL STUDIO 2010\PROJECTS\YOOTMARBLEENGINE\YOOTMARBLEENGINE\DEBUG\DISPLAY.OBJ
C:\USERS\JUNYOUNG\DESKTOP\DOCUMENTS\VISUAL STUDIO 2010\PROJECTS\YOOTMARBLEENGINE\YOOTMARBLEENGINE\DEBUG\GAMEDISPLAY.OBJ
C:\USERS\JUNYOUNG\DESKTOP\DOCUMENTS\VISUAL STUDIO 2010\PROJECTS\YOOTMARBLEENGINE\YOOTMARBLEENGINE\DEBUG\MAIN.OBJ
C:\USERS\JUNYOUNG\DESKTOP\DOCUMENTS\VISUAL STUDIO 2010\PROJECTS\YOOTMARBLEENGINE\YOOTMARBLEENGINE\DEBUG\MOC_DISPLAY.OBJ
C:\USERS\JUNYOUNG\DESKTOP\DOCUMENTS\VISUAL STUDIO 2010\PROJECTS\YOOTMARBLEENGINE\YOOTMARBLEENGINE\DEBUG\MOC_GAMEDISPLAY.OBJ
C:\USERS\JUNYOUNG\DESKTOP\DOCUMENTS\VISUAL STUDIO 2010\PROJECTS\YOOTMARBLEENGINE\YOOTMARBLEENGINE\DEBUG\MOC_USER.OBJ
C:\USERS\JUNYOUNG\DESKTOP\DOCUMENTS\VISUAL STUDIO 2010\PROJECTS\YOOTMARBLEENGINE\YOOTMARBLEENGINE\DEBUG\MOC_YOOTMARBLEENGINE.OBJ
C:\USERS\JUNYOUNG\DESKTOP\DOCUMENTS\VISUAL STUDIO 2010\PROJECTS\YOOTMARBLEENGINE\YOOTMARBLEENGINE\DEBUG\PIECE.OBJ
C:\USERS\JUNYOUNG\DESKTOP\DOCUMENTS\VISUAL STUDIO 2010\PROJECTS\YOOTMARBLEENGINE\YOOTMARBLEENGINE\DEBUG\QRC_YOOTMARBLEENGINE.OBJ
C:\USERS\JUNYOUNG\DESKTOP\DOCUMENTS\VISUAL STUDIO 2010\PROJECTS\YOOTMARBLEENGINE\YOOTMARBLEENGINE\DEBUG\USER.OBJ
C:\USERS\JUNYOUNG\DESKTOP\DOCUMENTS\VISUAL STUDIO 2010\PROJECTS\YOOTMARBLEENGINE\YOOTMARBLEENGINE\DEBUG\VC100.PDB
C:\USERS\JUNYOUNG\DESKTOP\DOCUMENTS\VISUAL STUDIO 2010\PROJECTS\YOOTMARBLEENGINE\YOOTMARBLEENGINE\DEBUG\YOOTMARBLEENGINE.EXE.INTERMEDIATE.MANIFEST
C:\USERS\JUNYOUNG\DESKTOP\DOCUMENTS\VISUAL STUDIO 2010\PROJECTS\YOOTMARBLEENGINE\YOOTMARBLEENGINE\DEBUG\YOOTMARBLEENGINE.OBJ
C:\USERS\JUNYOUNG\DESKTOP\DOCUMENTS\VISUAL STUDIO 2010\PROJECTS\YOOTMARBLEENGINE\YOOTMARBLEENGINE\GENERATEDFILES\DEBUG\MOC_DISPLAY.CPP
C:\USERS\JUNYOUNG\DESKTOP\DOCUMENTS\VISUAL STUDIO 2010\PROJECTS\YOOTMARBLEENGINE\YOOTMARBLEENGINE\GENERATEDFILES\DEBUG\MOC_GAMEDISPLAY.CPP
C:\USERS\JUNYOUNG\DESKTOP\DOCUMENTS\VISUAL STUDIO 2010\PROJECTS\YOOTMARBLEENGINE\YOOTMARBLEENGINE\GENERATEDFILES\DEBUG\MOC_USER.CPP
C:\USERS\JUNYOUNG\DESKTOP\DOCUMENTS\VISUAL STUDIO 2010\PROJECTS\YOOTMARBLEENGINE\YOOTMARBLEENGINE\GENERATEDFILES\DEBUG\MOC_YOOTMARBLEENGINE.CPP
C:\USERS\JUNYOUNG\DESKTOP\DOCUMENTS\VISUAL STUDIO 2010\PROJECTS\YOOTMARBLEENGINE\YOOTMARBLEENGINE\GENERATEDFILES\QRC_YOOTMARBLEENGINE.CPP
C:\USERS\JUNYOUNG\DESKTOP\DOCUMENTS\VISUAL STUDIO 2010\PROJECTS\YOOTMARBLEENGINE\YOOTMARBLEENGINE\GENERATEDFILES\UI_YOOTMARBLEENGINE.H
C:\USERS\JUNYOUNG\DESKTOP\YOOTMA~7_수정\YOOTMA~3\WIN32\DEBUG\YOOTMARBLEENGINE.EXE
C:\USERS\JUNYOUNG\DESKTOP\YOOTMA~7_수정\YOOTMA~3\WIN32\DEBUG\YOOTMARBLEENGINE.ILK
C:\USERS\JUNYOUNG\DESKTOP\YOOTMA~7_수정\YOOTMA~3\WIN32\DEBUG\YOOTMARBLEENGINE.PDB
C:\USERS\JUNYOUNG\DESKTOP\YOOTMA~7_수정\YOOTMA~3\YOOTMARBLEENGINE\DEBUG\BOARD.OBJ
C:\USERS\JUNYOUNG\DESKTOP\YOOTMA~7_수정\YOOTMA~3\YOOTMARBLEENGINE\DEBUG\BUILDINGSPACE.OBJ
C:\USERS\JUNYOUNG\DESKTOP\YOOTMA~7_수정\YOOTMA~3\YOOTMARBLEENGINE\DEBUG\GAMEDISPLAY.OBJ
C:\USERS\JUNYOUNG\DESKTOP\YOOTMA~7_수정\YOOTMA~3\YOOTMARBLEENGINE\DEBUG\HEALINGSPACE.OBJ
C:\USERS\JUNYOUNG\DESKTOP\YOOTMA~7_수정\YOOTMA~3\YOOTMARBLEENGINE\DEBUG\MAIN.OBJ
C:\USERS\JUNYOUNG\DESKTOP\YOOTMA~7_수정\YOOTMA~3\YOOTMARBLEENGINE\DEBUG\MOC_GAMEDISPLAY.OBJ
C:\USERS\JUNYOUNG\DESKTOP\YOOTMA~7_수정\YOOTMA~3\YOOTMARBLEENGINE\DEBUG\MOC_STARTDISPLAY.OBJ
C:\USERS\JUNYOUNG\DESKTOP\YOOTMA~7_수정\YOOTMA~3\YOOTMARBLEENGINE\DEBUG\MOC_USER.OBJ
C:\USERS\JUNYOUNG\DESKTOP\YOOTMA~7_수정\YOOTMA~3\YOOTMARBLEENGINE\DEBUG\PIECE.OBJ
C:\USERS\JUNYOUNG\DESKTOP\YOOTMA~7_수정\YOOTMA~3\YOOTMARBLEENGINE\DEBUG\QRC_YOOTMARBLEENGINE.OBJ
C:\USERS\JUNYOUNG\DESKTOP\YOOTMA~7_수정\YOOTMA~3\YOOTMARBLEENGINE\DEBUG\STARTDISPLAY.OBJ
C:\USERS\JUNYOUNG\DESKTOP\YOOTMA~7_수정\YOOTMA~3\YOOTMARBLEENGINE\DEBUG\USER.OBJ
C:\USERS\JUNYOUNG\DESKTOP\YOOTMA~7_수정\YOOTMA~3\YOOTMARBLEENGINE\DEBUG\VC100.PDB
C:\USERS\JUNYOUNG\DESKTOP\YOOTMA~7_수정\YOOTMA~3\YOOTMARBLEENGINE\DEBUG\YOOTMARBLEENGINE.EXE.INTERMEDIATE.MANIFEST
C:\USERS\JUNYOUNG\DESKTOP\YOOTMA~7_수정\YOOTMA~3\YOOTMARBLEENGINE\DEBUG\YOOTMARBLEENGINE.OBJ
C:\USERS\JUNYOUNG\DESKTOP\YOOTMA~7_수정\YOOTMA~3\YOOTMARBLEENGINE\GENERATEDFILES\DEBUG\MOC_GAMEDISPLAY.CPP
C:\USERS\JUNYOUNG\DESKTOP\YOOTMA~7_수정\YOOTMA~3\YOOTMARBLEENGINE\GENERATEDFILES\DEBUG\MOC_STARTDISPLAY.CPP
C:\USERS\JUNYOUNG\DESKTOP\YOOTMA~7_수정\YOOTMA~3\YOOTMARBLEENGINE\GENERATEDFILES\DEBUG\MOC_USER.CPP
C:\USERS\JUNYOUNG\DESKTOP\YOOTMA~7_수정\YOOTMA~3\YOOTMARBLEENGINE\GENERATEDFILES\QRC_YOOTMARBLEENGINE.CPP
C:\USERS\JUNYOUNG\DESKTOP\YOOTMA~7_수정\YOOTMA~3\YOOTMARBLEENGINE\GENERATEDFILES\UI_YOOTMARBLEENGINE.H
C:\USERS\WOOJUNG\DESKTOP\1\YOOTMA~3\WIN32\DEBUG\YOOTMARBLEENGINE.EXE
C:\USERS\WOOJUNG\DESKTOP\1\YOOTMA~3\WIN32\DEBUG\YOOTMARBLEENGINE.ILK
C:\USERS\WOOJUNG\DESKTOP\1\YOOTMA~3\WIN32\DEBUG\YOOTMARBLEENGINE.PDB
C:\USERS\WOOJUNG\DESKTOP\1\YOOTMA~3\YOOTMARBLEENGINE\DEBUG\BOARD.OBJ
C:\USERS\WOOJUNG\DESKTOP\1\YOOTMA~3\YOOTMARBLEENGINE\DEBUG\BUILDINGSPACE.OBJ
C:\USERS\WOOJUNG\DESKTOP\1\YOOTMA~3\YOOTMARBLEENGINE\DEBUG\GAMEDISPLAY.OBJ
C:\USERS\WOOJUNG\DESKTOP\1\YOOTMA~3\YOOTMARBLEENGINE\DEBUG\HEALINGSPACE.OBJ
C:\USERS\WOOJUNG\DESKTOP\1\YOOTMA~3\YOOTMARBLEENGINE\DEBUG\MAIN.OBJ
C:\USERS\WOOJUNG\DESKTOP\1\YOOTMA~3\YOOTMARBLEENGINE\DEBUG\MOC_GAMEDISPLAY.OBJ
C:\USERS\WOOJUNG\DESKTOP\1\YOOTMA~3\YOOTMARBLEENGINE\DEBUG\MOC_STARTDISPLAY.OBJ
C:\USERS\WOOJUNG\DESKTOP\1\YOOTMA~3\YOOTMARBLEENGINE\DEBUG\MOC_USER.OBJ
C:\USERS\WOOJUNG\DESKTOP\1\YOOTMA~3\YOOTMARBLEENGINE\DEBUG\PIECE.OBJ
C:\USERS\WOOJUNG\DESKTOP\1\YOOTMA~3\YOOTMARBLEENGINE\DEBUG\QRC_YOOTMARBLEENGINE.OBJ
C:\USERS\WOOJUNG\DESKTOP\1\YOOTMA~3\YOOTMARBLEENGINE\DEBUG\STARTDISPLAY.OBJ
C:\USERS\WOOJUNG\DESKTOP\1\YOOTMA~3\YOOTMARBLEENGINE\DEBUG\USER.OBJ
C:\USERS\WOOJUNG\DESKTOP\1\YOOTMA~3\YOOTMARBLEENGINE\DEBUG\VC100.PDB
C:\USERS\WOOJUNG\DESKTOP\1\YOOTMA~3\YOOTMARBLEENGINE\DEBUG\YOOTMARBLEENGINE.EXE.INTERMEDIATE.MANIFEST
C:\USERS\WOOJUNG\DESKTOP\1\YOOTMA~3\YOOTMARBLEENGINE\DEBUG\YOOTMARBLEENGINE.OBJ
C:\USERS\WOOJUNG\DESKTOP\1\YOOTMA~3\YOOTMARBLEENGINE\GENERATEDFILES\DEBUG\MOC_GAMEDISPLAY.CPP
C:\USERS\WOOJUNG\DESKTOP\1\YOOTMA~3\YOOTMARBLEENGINE\GENERATEDFILES\DEBUG\MOC_STARTDISPLAY.CPP
C:\USERS\WOOJUNG\DESKTOP\1\YOOTMA~3\YOOTMARBLEENGINE\GENERATEDFILES\DEBUG\MOC_USER.CPP
C:\USERS\WOOJUNG\DESKTOP\1\YOOTMA~3\YOOTMARBLEENGINE\GENERATEDFILES\QRC_YOOTMARBLEENGINE.CPP
C:\USERS\WOOJUNG\DESKTOP\1\YOOTMA~3\YOOTMARBLEENGINE\GENERATEDFILES\UI_YOOTMARBLEENGINE.H
C:\USERS\WOOJUNG\DESKTOP\20151205_백우정\YOOTMA~3\WIN32\DEBUG\YOOTMARBLEENGINE.EXE
C:\USERS\WOOJUNG\DESKTOP\20151205_백우정\YOOTMA~3\WIN32\DEBUG\YOOTMARBLEENGINE.ILK
C:\USERS\WOOJUNG\DESKTOP\20151205_백우정\YOOTMA~3\WIN32\DEBUG\YOOTMARBLEENGINE.PDB
C:\USERS\WOOJUNG\DESKTOP\20151205_백우정\YOOTMA~3\YOOTMARBLEENGINE\DEBUG\BOARD.OBJ
C:\USERS\WOOJUNG\DESKTOP\20151205_백우정\YOOTMA~3\YOOTMARBLEENGINE\DEBUG\BUILDINGSPACE.OBJ
C:\USERS\WOOJUNG\DESKTOP\20151205_백우정\YOOTMA~3\YOOTMARBLEENGINE\DEBUG\GAMEDISPLAY.OBJ
C:\USERS\WOOJUNG\DESKTOP\20151205_백우정\YOOTMA~3\YOOTMARBLEENGINE\DEBUG\HEALINGSPACE.OBJ
C:\USERS\WOOJUNG\DESKTOP\20151205_백우정\YOOTMA~3\YOOTMARBLEENGINE\DEBUG\MAIN.OBJ
C:\USERS\WOOJUNG\DESKTOP\20151205_백우정\YOOTMA~3\YOOTMARBLEENGINE\DEBUG\MOC_GAMEDISPLAY.OBJ
C:\USERS\WOOJUNG\DESKTOP\20151205_백우정\YOOTMA~3\YOOTMARBLEENGINE\DEBUG\MOC_STARTDISPLAY.OBJ
C:\USERS\WOOJUNG\DESKTOP\20151205_백우정\YOOTMA~3\YOOTMARBLEENGINE\DEBUG\MOC_USER.OBJ
C:\USERS\WOOJUNG\DESKTOP\20151205_백우정\YOOTMA~3\YOOTMARBLEENGINE\DEBUG\PIECE.OBJ
C:\USERS\WOOJUNG\DESKTOP\20151205_백우정\YOOTMA~3\YOOTMARBLEENGINE\DEBUG\QRC_YOOTMARBLEENGINE.OBJ
C:\USERS\WOOJUNG\DESKTOP\20151205_백우정\YOOTMA~3\YOOTMARBLEENGINE\DEBUG\STARTDISPLAY.OBJ
C:\USERS\WOOJUNG\DESKTOP\20151205_백우정\YOOTMA~3\YOOTMARBLEENGINE\DEBUG\USER.OBJ
C:\USERS\WOOJUNG\DESKTOP\20151205_백우정\YOOTMA~3\YOOTMARBLEENGINE\DEBUG\VC100.PDB
C:\USERS\WOOJUNG\DESKTOP\20151205_백우정\YOOTMA~3\YOOTMARBLEENGINE\DEBUG\YOOTMARBLEENGINE.EXE.INTERMEDIATE.MANIFEST
C:\USERS\WOOJUNG\DESKTOP\20151205_백우정\YOOTMA~3\YOOTMARBLEENGINE\DEBUG\YOOTMARBLEENGINE.OBJ
C:\USERS\WOOJUNG\DESKTOP\20151205_백우정\YOOTMA~3\YOOTMARBLEENGINE\GENERATEDFILES\DEBUG\MOC_GAMEDISPLAY.CPP
C:\USERS\WOOJUNG\DESKTOP\20151205_백우정\YOOTMA~3\YOOTMARBLEENGINE\GENERATEDFILES\DEBUG\MOC_STARTDISPLAY.CPP
C:\USERS\WOOJUNG\DESKTOP\20151205_백우정\YOOTMA~3\YOOTMARBLEENGINE\GENERATEDFILES\DEBUG\MOC_USER.CPP
C:\USERS\WOOJUNG\DESKTOP\20151205_백우정\YOOTMA~3\YOOTMARBLEENGINE\GENERATEDFILES\QRC_YOOTMARBLEENGINE.CPP
C:\USERS\WOOJUNG\DESKTOP\20151205_백우정\YOOTMA~3\YOOTMARBLEENGINE\GENERATEDFILES\UI_YOOTMARBLEENGINE.H
C:\USERS\WOOJUNG\DESKTOP\YOOTMA~6\YOOTMA~3\WIN32\DEBUG\YOOTMARBLEENGINE.EXE
C:\USERS\WOOJUNG\DESKTOP\YOOTMA~6\YOOTMA~3\WIN32\DEBUG\YOOTMARBLEENGINE.ILK
C:\USERS\WOOJUNG\DESKTOP\YOOTMA~6\YOOTMA~3\WIN32\DEBUG\YOOTMARBLEENGINE.PDB
C:\USERS\WOOJUNG\DESKTOP\YOOTMA~6\YOOTMA~3\YOOTMARBLEENGINE\DEBUG\BOARD.OBJ
C:\USERS\WOOJUNG\DESKTOP\YOOTMA~6\YOOTMA~3\YOOTMARBLEENGINE\DEBUG\BUILDINGSPACE.OBJ
C:\USERS\WOOJUNG\DESKTOP\YOOTMA~6\YOOTMA~3\YOOTMARBLEENGINE\DEBUG\GAMEDISPLAY.OBJ
C:\USERS\WOOJUNG\DESKTOP\YOOTMA~6\YOOTMA~3\YOOTMARBLEENGINE\DEBUG\HEALINGSPACE.OBJ
C:\USERS\WOOJUNG\DESKTOP\YOOTMA~6\YOOTMA~3\YOOTMARBLEENGINE\DEBUG\MAIN.OBJ
C:\USERS\WOOJUNG\DESKTOP\YOOTMA~6\YOOTMA~3\YOOTMARBLEENGINE\DEBUG\MOC_GAMEDISPLAY.OBJ
C:\USERS\WOOJUNG\DESKTOP\YOOTMA~6\YOOTMA~3\YOOTMARBLEENGINE\DEBUG\MOC_STARTDISPLAY.OBJ
C:\USERS\WOOJUNG\DESKTOP\YOOTMA~6\YOOTMA~3\YOOTMARBLEENGINE\DEBUG\MOC_USER.OBJ
C:\USERS\WOOJUNG\DESKTOP\YOOTMA~6\YOOTMA~3\YOOTMARBLEENGINE\DEBUG\PIECE.OBJ
C:\USERS\WOOJUNG\DESKTOP\YOOTMA~6\YOOTMA~3\YOOTMARBLEENGINE\DEBUG\QRC_YOOTMARBLEENGINE.OBJ
C:\USERS\WOOJUNG\DESKTOP\YOOTMA~6\YOOTMA~3\YOOTMARBLEENGINE\DEBUG\STARTDISPLAY.OBJ
C:\USERS\WOOJUNG\DESKTOP\YOOTMA~6\YOOTMA~3\YOOTMARBLEENGINE\DEBUG\USER.OBJ
C:\USERS\WOOJUNG\DESKTOP\YOOTMA~6\YOOTMA~3\YOOTMARBLEENGINE\DEBUG\VC100.PDB
C:\USERS\WOOJUNG\DESKTOP\YOOTMA~6\YOOTMA~3\YOOTMARBLEENGINE\DEBUG\YOOTMARBLEENGINE.EXE.INTERMEDIATE.MANIFEST
C:\USERS\WOOJUNG\DESKTOP\YOOTMA~6\YOOTMA~3\YOOTMARBLEENGINE\DEBUG\YOOTMARBLEENGINE.OBJ
C:\USERS\WOOJUNG\DESKTOP\YOOTMA~6\YOOTMA~3\YOOTMARBLEENGINE\GENERATEDFILES\DEBUG\MOC_GAMEDISPLAY.CPP
C:\USERS\WOOJUNG\DESKTOP\YOOTMA~6\YOOTMA~3\YOOTMARBLEENGINE\GENERATEDFILES\DEBUG\MOC_STARTDISPLAY.CPP
C:\USERS\WOOJUNG\DESKTOP\YOOTMA~6\YOOTMA~3\YOOTMARBLEENGINE\GENERATEDFILES\DEBUG\MOC_USER.CPP
C:\USERS\WOOJUNG\DESKTOP\YOOTMA~6\YOOTMA~3\YOOTMARBLEENGINE\GENERATEDFILES\QRC_YOOTMARBLEENGINE.CPP
C:\USERS\WOOJUNG\DESKTOP\YOOTMA~6\YOOTMA~3\YOOTMARBLEENGINE\GENERATEDFILES\UI_YOOTMARBLEENGINE.H
C:\USERS\WOOJUNG\DESKTOP\YOOTMA~7\YOOTMA~3\WIN32\DEBUG\YOOTMARBLEENGINE.EXE
C:\USERS\WOOJUNG\DESKTOP\YOOTMA~7\YOOTMA~3\WIN32\DEBUG\YOOTMARBLEENGINE.ILK
C:\USERS\WOOJUNG\DESKTOP\YOOTMA~7\YOOTMA~3\WIN32\DEBUG\YOOTMARBLEENGINE.PDB
C:\USERS\WOOJUNG\DESKTOP\YOOTMA~7\YOOTMA~3\YOOTMARBLEENGINE\DEBUG\BOARD.OBJ
C:\USERS\WOOJUNG\DESKTOP\YOOTMA~7\YOOTMA~3\YOOTMARBLEENGINE\DEBUG\BUILDINGSPACE.OBJ
C:\USERS\WOOJUNG\DESKTOP\YOOTMA~7\YOOTMA~3\YOOTMARBLEENGINE\DEBUG\GAMEDISPLAY.OBJ
C:\USERS\WOOJUNG\DESKTOP\YOOTMA~7\YOOTMA~3\YOOTMARBLEENGINE\DEBUG\HEALINGSPACE.OBJ
C:\USERS\WOOJUNG\DESKTOP\YOOTMA~7\YOOTMA~3\YOOTMARBLEENGINE\DEBUG\MAIN.OBJ
C:\USERS\WOOJUNG\DESKTOP\YOOTMA~7\YOOTMA~3\YOOTMARBLEENGINE\DEBUG\MOC_GAMEDISPLAY.OBJ
C:\USERS\WOOJUNG\DESKTOP\YOOTMA~7\YOOTMA~3\YOOTMARBLEENGINE\DEBUG\MOC_STARTDISPLAY.OBJ
C:\USERS\WOOJUNG\DESKTOP\YOOTMA~7\YOOTMA~3\YOOTMARBLEENGINE\DEBUG\MOC_USER.OBJ
C:\USERS\WOOJUNG\DESKTOP\YOOTMA~7\YOOTMA~3\YOOTMARBLEENGINE\DEBUG\PIECE.OBJ
C:\USERS\WOOJUNG\DESKTOP\YOOTMA~7\YOOTMA~3\YOOTMARBLEENGINE\DEBUG\QRC_YOOTMARBLEENGINE.OBJ
C:\USERS\WOOJUNG\DESKTOP\YOOTMA~7\YOOTMA~3\YOOTMARBLEENGINE\DEBUG\STARTDISPLAY.OBJ
C:\USERS\WOOJUNG\DESKTOP\YOOTMA~7\YOOTMA~3\YOOTMARBLEENGINE\DEBUG\USER.OBJ
C:\USERS\WOOJUNG\DESKTOP\YOOTMA~7\YOOTMA~3\YOOTMARBLEENGINE\DEBUG\VC100.PDB
C:\USERS\WOOJUNG\DESKTOP\YOOTMA~7\YOOTMA~3\YOOTMARBLEENGINE\DEBUG\YOOTMARBLEENGINE.EXE.INTERMEDIATE.MANIFEST
C:\USERS\WOOJUNG\DESKTOP\YOOTMA~7\YOOTMA~3\YOOTMARBLEENGINE\DEBUG\YOOTMARBLEENGINE.OBJ
C:\USERS\WOOJUNG\DESKTOP\YOOTMA~7\YOOTMA~3\YOOTMARBLEENGINE\GENERATEDFILES\DEBUG\MOC_GAMEDISPLAY.CPP
C:\USERS\WOOJUNG\DESKTOP\YOOTMA~7\YOOTMA~3\YOOTMARBLEENGINE\GENERATEDFILES\DEBUG\MOC_STARTDISPLAY.CPP
C:\USERS\WOOJUNG\DESKTOP\YOOTMA~7\YOOTMA~3\YOOTMARBLEENGINE\GENERATEDFILES\DEBUG\MOC_USER.CPP
C:\USERS\WOOJUNG\DESKTOP\YOOTMA~7\YOOTMA~3\YOOTMARBLEENGINE\GENERATEDFILES\QRC_YOOTMARBLEENGINE.CPP
C:\USERS\WOOJUNG\DESKTOP\YOOTMA~7\YOOTMA~3\YOOTMARBLEENGINE\GENERATEDFILES\UI_YOOTMARBLEENGINE.H
C:\USERS\WOOJUNG\DOCUMENTS\카카오톡 받은 파일\151206_김준영_V6\WIN32\DEBUG\YOOTMARBLEENGINE.EXE
C:\USERS\WOOJUNG\DOCUMENTS\카카오톡 받은 파일\151206_김준영_V6\WIN32\DEBUG\YOOTMARBLEENGINE.ILK
C:\USERS\WOOJUNG\DOCUMENTS\카카오톡 받은 파일\151206_김준영_V6\WIN32\DEBUG\YOOTMARBLEENGINE.PDB
C:\USERS\WOOJUNG\DOCUMENTS\카카오톡 받은 파일\151206_김준영_V6\YOOTMARBLEENGINE\DEBUG\BOARD.OBJ
C:\USERS\WOOJUNG\DOCUMENTS\카카오톡 받은 파일\151206_김준영_V6\YOOTMARBLEENGINE\DEBUG\BUILDINGSPACE.OBJ
C:\USERS\WOOJUNG\DOCUMENTS\카카오톡 받은 파일\151206_김준영_V6\YOOTMARBLEENGINE\DEBUG\GAMEDISPLAY.OBJ
C:\USERS\WOOJUNG\DOCUMENTS\카카오톡 받은 파일\151206_김준영_V6\YOOTMARBLEENGINE\DEBUG\HEALINGSPACE.OBJ
C:\USERS\WOOJUNG\DOCUMENTS\카카오톡 받은 파일\151206_김준영_V6\YOOTMARBLEENGINE\DEBUG\MAIN.OBJ
C:\USERS\WOOJUNG\DOCUMENTS\카카오톡 받은 파일\151206_김준영_V6\YOOTMARBLEENGINE\DEBUG\MOC_GAMEDISPLAY.OBJ
C:\USERS\WOOJUNG\DOCUMENTS\카카오톡 받은 파일\151206_김준영_V6\YOOTMARBLEENGINE\DEBUG\MOC_STARTDISPLAY.OBJ
C:\USERS\WOOJUNG\DOCUMENTS\카카오톡 받은 파일\151206_김준영_V6\YOOTMARBLEENGINE\DEBUG\MOC_USER.OBJ
C:\USERS\WOOJUNG\DOCUMENTS\카카오톡 받은 파일\151206_김준영_V6\YOOTMARBLEENGINE\DEBUG\PIECE.OBJ
C:\USERS\WOOJUNG\DOCUMENTS\카카오톡 받은 파일\151206_김준영_V6\YOOTMARBLEENGINE\DEBUG\QRC_YOOTMARBLEENGINE.OBJ
C:\USERS\WOOJUNG\DOCUMENTS\카카오톡 받은 파일\151206_김준영_V6\YOOTMARBLEENGINE\DEBUG\STARTDISPLAY.OBJ
C:\USERS\WOOJUNG\DOCUMENTS\카카오톡 받은 파일\151206_김준영_V6\YOOTMARBLEENGINE\DEBUG\USER.OBJ
C:\USERS\WOOJUNG\DOCUMENTS\카카오톡 받은 파일\151206_김준영_V6\YOOTMARBLEENGINE\DEBUG\VC100.PDB
C:\USERS\WOOJUNG\DOCUMENTS\카카오톡 받은 파일\151206_김준영_V6\YOOTMARBLEENGINE\DEBUG\YOOTMARBLEENGINE.EXE.INTERMEDIATE.MANIFEST
C:\USERS\WOOJUNG\DOCUMENTS\카카오톡 받은 파일\151206_김준영_V6\YOOTMARBLEENGINE\DEBUG\YOOTMARBLEENGINE.OBJ
C:\USERS\WOOJUNG\DOCUMENTS\카카오톡 받은 파일\151206_김준영_V6\YOOTMARBLEENGINE\GENERATEDFILES\DEBUG\MOC_GAMEDISPLAY.CPP
C:\USERS\WOOJUNG\DOCUMENTS\카카오톡 받은 파일\151206_김준영_V6\YOOTMARBLEENGINE\GENERATEDFILES\DEBUG\MOC_STARTDISPLAY.CPP
C:\USERS\WOOJUNG\DOCUMENTS\카카오톡 받은 파일\151206_김준영_V6\YOOTMARBLEENGINE\GENERATEDFILES\DEBUG\MOC_USER.CPP
C:\USERS\WOOJUNG\DOCUMENTS\카카오톡 받은 파일\151206_김준영_V6\YOOTMARBLEENGINE\GENERATEDFILES\QRC_YOOTMARBLEENGINE.CPP
C:\USERS\WOOJUNG\DOCUMENTS\카카오톡 받은 파일\151206_김준영_V6\YOOTMARBLEENGINE\GENERATEDFILES\UI_YOOTMARBLEENGINE.H
C:\USERS\WOOJUNG\DOCUMENTS\카카오톡 받은 파일\151206_박경원\WIN32\DEBUG\YOOTMARBLEENGINE.EXE
C:\USERS\WOOJUNG\DOCUMENTS\카카오톡 받은 파일\151206_박경원\WIN32\DEBUG\YOOTMARBLEENGINE.ILK
C:\USERS\WOOJUNG\DOCUMENTS\카카오톡 받은 파일\151206_박경원\WIN32\DEBUG\YOOTMARBLEENGINE.PDB
C:\USERS\WOOJUNG\DOCUMENTS\카카오톡 받은 파일\151206_박경원\YOOTMARBLEENGINE\DEBUG\BOARD.OBJ
C:\USERS\WOOJUNG\DOCUMENTS\카카오톡 받은 파일\151206_박경원\YOOTMARBLEENGINE\DEBUG\BUILDINGSPACE.OBJ
C:\USERS\WOOJUNG\DOCUMENTS\카카오톡 받은 파일\151206_박경원\YOOTMARBLEENGINE\DEBUG\GAMEDISPLAY.OBJ
C:\USERS\WOOJUNG\DOCUMENTS\카카오톡 받은 파일\151206_박경원\YOOTMARBLEENGINE\DEBUG\HEALINGSPACE.OBJ
C:\USERS\WOOJUNG\DOCUMENTS\카카오톡 받은 파일\151206_박경원\YOOTMARBLEENGINE\DEBUG\MAIN.OBJ
C:\USERS\WOOJUNG\DOCUMENTS\카카오톡 받은 파일\151206_박경원\YOOTMARBLEENGINE\DEBUG\MOC_GAMEDISPLAY.OBJ
C:\USERS\WOOJUNG\DOCUMENTS\카카오톡 받은 파일\151206_박경원\YOOTMARBLEENGINE\DEBUG\MOC_STARTDISPLAY.OBJ
C:\USERS\WOOJUNG\DOCUMENTS\카카오톡 받은 파일\151206_박경원\YOOTMARBLEENGINE\DEBUG\MOC_USER.OBJ
C:\USERS\WOOJUNG\DOCUMENTS\카카오톡 받은 파일\151206_박경원\YOOTMARBLEENGINE\DEBUG\PIECE.OBJ
C:\USERS\WOOJUNG\DOCUMENTS\카카오톡 받은 파일\151206_박경원\YOOTMARBLEENGINE\DEBUG\QRC_YOOTMARBLEENGINE.OBJ
C:\USERS\WOOJUNG\DOCUMENTS\카카오톡 받은 파일\151206_박경원\YOOTMARBLEENGINE\DEBUG\STARTDISPLAY.OBJ
C:\USERS\WOOJUNG\DOCUMENTS\카카오톡 받은 파일\151206_박경원\YOOTMARBLEENGINE\DEBUG\USER.OBJ
C:\USERS\WOOJUNG\DOCUMENTS\카카오톡 받은 파일\151206_박경원\YOOTMARBLEENGINE\DEBUG\VC100.PDB
C:\USERS\WOOJUNG\DOCUMENTS\카카오톡 받은 파일\151206_박경원\YOOTMARBLEENGINE\DEBUG\YOOTMARBLEENGINE.EXE.INTERMEDIATE.MANIFEST
C:\USERS\WOOJUNG\DOCUMENTS\카카오톡 받은 파일\151206_박경원\YOOTMARBLEENGINE\DEBUG\YOOTMARBLEENGINE.OBJ
C:\USERS\WOOJUNG\DOCUMENTS\카카오톡 받은 파일\151206_박경원\YOOTMARBLEENGINE\GENERATEDFILES\DEBUG\MOC_GAMEDISPLAY.CPP
C:\USERS\WOOJUNG\DOCUMENTS\카카오톡 받은 파일\151206_박경원\YOOTMARBLEENGINE\GENERATEDFILES\DEBUG\MOC_STARTDISPLAY.CPP
C:\USERS\WOOJUNG\DOCUMENTS\카카오톡 받은 파일\151206_박경원\YOOTMARBLEENGINE\GENERATEDFILES\DEBUG\MOC_USER.CPP
C:\USERS\WOOJUNG\DOCUMENTS\카카오톡 받은 파일\151206_박경원\YOOTMARBLEENGINE\GENERATEDFILES\QRC_YOOTMARBLEENGINE.CPP
C:\USERS\WOOJUNG\DOCUMENTS\카카오톡 받은 파일\151206_박경원\YOOTMARBLEENGINE\GENERATEDFILES\UI_YOOTMARBLEENGINE.H
C:\USERS\WOOJUNG\DOCUMENTS\카카오톡 받은 파일\YOOTMA~5\YOOTMA~3\WIN32\DEBUG\YOOTMARBLEENGINE.EXE
C:\USERS\WOOJUNG\DOCUMENTS\카카오톡 받은 파일\YOOTMA~5\YOOTMA~3\WIN32\DEBUG\YOOTMARBLEENGINE.ILK
C:\USERS\WOOJUNG\DOCUMENTS\카카오톡 받은 파일\YOOTMA~5\YOOTMA~3\WIN32\DEBUG\YOOTMARBLEENGINE.PDB
C:\USERS\WOOJUNG\DOCUMENTS\카카오톡 받은 파일\YOOTMA~5\YOOTMA~3\YOOTMARBLEENGINE\DEBUG\BOARD.OBJ
C:\USERS\WOOJUNG\DOCUMENTS\카카오톡 받은 파일\YOOTMA~5\YOOTMA~3\YOOTMARBLEENGINE\DEBUG\BUILDINGSPACE.OBJ
C:\USERS\WOOJUNG\DOCUMENTS\카카오톡 받은 파일\YOOTMA~5\YOOTMA~3\YOOTMARBLEENGINE\DEBUG\GAMEDISPLAY.OBJ
C:\USERS\WOOJUNG\DOCUMENTS\카카오톡 받은 파일\YOOTMA~5\YOOTMA~3\YOOTMARBLEENGINE\DEBUG\HEALINGSPACE.OBJ
C:\USERS\WOOJUNG\DOCUMENTS\카카오톡 받은 파일\YOOTMA~5\YOOTMA~3\YOOTMARBLEENGINE\DEBUG\MAIN.OBJ
C:\USERS\WOOJUNG\DOCUMENTS\카카오톡 받은 파일\YOOTMA~5\YOOTMA~3\YOOTMARBLEENGINE\DEBUG\MOC_GAMEDISPLAY.OBJ
C:\USERS\WOOJUNG\DOCUMENTS\카카오톡 받은 파일\YOOTMA~5\YOOTMA~3\YOOTMARBLEENGINE\DEBUG\MOC_STARTDISPLAY.OBJ
C:\USERS\WOOJUNG\DOCUMENTS\카카오톡 받은 파일\YOOTMA~5\YOOTMA~3\YOOTMARBLEENGINE\DEBUG\MOC_USER.OBJ
C:\USERS\WOOJUNG\DOCUMENTS\카카오톡 받은 파일\YOOTMA~5\YOOTMA~3\YOOTMARBLEENGINE\DEBUG\PIECE.OBJ
C:\USERS\WOOJUNG\DOCUMENTS\카카오톡 받은 파일\YOOTMA~5\YOOTMA~3\YOOTMARBLEENGINE\DEBUG\QRC_YOOTMARBLEENGINE.OBJ
C:\USERS\WOOJUNG\DOCUMENTS\카카오톡 받은 파일\YOOTMA~5\YOOTMA~3\YOOTMARBLEENGINE\DEBUG\STARTDISPLAY.OBJ
C:\USERS\WOOJUNG\DOCUMENTS\카카오톡 받은 파일\YOOTMA~5\YOOTMA~3\YOOTMARBLEENGINE\DEBUG\USER.OBJ
C:\USERS\WOOJUNG\DOCUMENTS\카카오톡 받은 파일\YOOTMA~5\YOOTMA~3\YOOTMARBLEENGINE\DEBUG\VC100.PDB
C:\USERS\WOOJUNG\DOCUMENTS\카카오톡 받은 파일\YOOTMA~5\YOOTMA~3\YOOTMARBLEENGINE\DEBUG\YOOTMARBLEENGINE.EXE.INTERMEDIATE.MANIFEST
C:\USERS\WOOJUNG\DOCUMENTS\카카오톡 받은 파일\YOOTMA~5\YOOTMA~3\YOOTMARBLEENGINE\DEBUG\YOOTMARBLEENGINE.OBJ
C:\USERS\WOOJUNG\DOCUMENTS\카카오톡 받은 파일\YOOTMA~5\YOOTMA~3\YOOTMARBLEENGINE\GENERATEDFILES\DEBUG\MOC_GAMEDISPLAY.CPP
C:\USERS\WOOJUNG\DOCUMENTS\카카오톡 받은 파일\YOOTMA~5\YOOTMA~3\YOOTMARBLEENGINE\GENERATEDFILES\DEBUG\MOC_STARTDISPLAY.CPP
C:\USERS\WOOJUNG\DOCUMENTS\카카오톡 받은 파일\YOOTMA~5\YOOTMA~3\YOOTMARBLEENGINE\GENERATEDFILES\DEBUG\MOC_USER.CPP
C:\USERS\WOOJUNG\DOCUMENTS\카카오톡 받은 파일\YOOTMA~5\YOOTMA~3\YOOTMARBLEENGINE\GENERATEDFILES\QRC_YOOTMARBLEENGINE.CPP
C:\USERS\WOOJUNG\DOCUMENTS\카카오톡 받은 파일\YOOTMA~5\YOOTMA~3\YOOTMARBLEENGINE\GENERATEDFILES\UI_YOOTMARBLEENGINE.H
C:\USERS\WOOJUNG\DOCUMENTS\카카오톡 받은 파일\YOOTMA~6\YOOTMA~3\WIN32\DEBUG\YOOTMARBLEENGINE.EXE
C:\USERS\WOOJUNG\DOCUMENTS\카카오톡 받은 파일\YOOTMA~6\YOOTMA~3\WIN32\DEBUG\YOOTMARBLEENGINE.ILK
C:\USERS\WOOJUNG\DOCUMENTS\카카오톡 받은 파일\YOOTMA~6\YOOTMA~3\WIN32\DEBUG\YOOTMARBLEENGINE.PDB
C:\USERS\WOOJUNG\DOCUMENTS\카카오톡 받은 파일\YOOTMA~6\YOOTMA~3\YOOTMARBLEENGINE\DEBUG\BOARD.OBJ
C:\USERS\WOOJUNG\DOCUMENTS\카카오톡 받은 파일\YOOTMA~6\YOOTMA~3\YOOTMARBLEENGINE\DEBUG\BUILDINGSPACE.OBJ
C:\USERS\WOOJUNG\DOCUMENTS\카카오톡 받은 파일\YOOTMA~6\YOOTMA~3\YOOTMARBLEENGINE\DEBUG\GAMEDISPLAY.OBJ
C:\USERS\WOOJUNG\DOCUMENTS\카카오톡 받은 파일\YOOTMA~6\YOOTMA~3\YOOTMARBLEENGINE\DEBUG\HEALINGSPACE.OBJ
C:\USERS\WOOJUNG\DOCUMENTS\카카오톡 받은 파일\YOOTMA~6\YOOTMA~3\YOOTMARBLEENGINE\DEBUG\MAIN.OBJ
C:\USERS\WOOJUNG\DOCUMENTS\카카오톡 받은 파일\YOOTMA~6\YOOTMA~3\YOOTMARBLEENGINE\DEBUG\MOC_GAMEDISPLAY.OBJ
C:\USERS\WOOJUNG\DOCUMENTS\카카오톡 받은 파일\YOOTMA~6\YOOTMA~3\YOOTMARBLEENGINE\DEBUG\MOC_STARTDISPLAY.OBJ
C:\USERS\WOOJUNG\DOCUMENTS\카카오톡 받은 파일\YOOTMA~6\YOOTMA~3\YOOTMARBLEENGINE\DEBUG\MOC_USER.OBJ
C:\USERS\WOOJUNG\DOCUMENTS\카카오톡 받은 파일\YOOTMA~6\YOOTMA~3\YOOTMARBLEENGINE\DEBUG\PIECE.OBJ
C:\USERS\WOOJUNG\DOCUMENTS\카카오톡 받은 파일\YOOTMA~6\YOOTMA~3\YOOTMARBLEENGINE\DEBUG\QRC_YOOTMARBLEENGINE.OBJ
C:\USERS\WOOJUNG\DOCUMENTS\카카오톡 받은 파일\YOOTMA~6\YOOTMA~3\YOOTMARBLEENGINE\DEBUG\STARTDISPLAY.OBJ
C:\USERS\WOOJUNG\DOCUMENTS\카카오톡 받은 파일\YOOTMA~6\YOOTMA~3\YOOTMARBLEENGINE\DEBUG\USER.OBJ
C:\USERS\WOOJUNG\DOCUMENTS\카카오톡 받은 파일\YOOTMA~6\YOOTMA~3\YOOTMARBLEENGINE\DEBUG\VC100.PDB
C:\USERS\WOOJUNG\DOCUMENTS\카카오톡 받은 파일\YOOTMA~6\YOOTMA~3\YOOTMARBLEENGINE\DEBUG\YOOTMARBLEENGINE.EXE.INTERMEDIATE.MANIFEST
C:\USERS\WOOJUNG\DOCUMENTS\카카오톡 받은 파일\YOOTMA~6\YOOTMA~3\YOOTMARBLEENGINE\DEBUG\YOOTMARBLEENGINE.OBJ
C:\USERS\WOOJUNG\DOCUMENTS\카카오톡 받은 파일\YOOTMA~6\YOOTMA~3\YOOTMARBLEENGINE\GENERATEDFILES\DEBUG\MOC_GAMEDISPLAY.CPP
C:\USERS\WOOJUNG\DOCUMENTS\카카오톡 받은 파일\YOOTMA~6\YOOTMA~3\YOOTMARBLEENGINE\GENERATEDFILES\DEBUG\MOC_STARTDISPLAY.CPP
C:\USERS\WOOJUNG\DOCUMENTS\카카오톡 받은 파일\YOOTMA~6\YOOTMA~3\YOOTMARBLEENGINE\GENERATEDFILES\DEBUG\MOC_USER.CPP
C:\USERS\WOOJUNG\DOCUMENTS\카카오톡 받은 파일\YOOTMA~6\YOOTMA~3\YOOTMARBLEENGINE\GENERATEDFILES\QRC_YOOTMARBLEENGINE.CPP
C:\USERS\WOOJUNG\DOCUMENTS\카카오톡 받은 파일\YOOTMA~6\YOOTMA~3\YOOTMARBLEENGINE\GENERATEDFILES\UI_YOOTMARBLEENGINE.H
C:\USERS\박경원\DESKTOP\YOOTMA~2\WIN32\DEBUG\YOOTMARBLEENGINE.EXE
C:\USERS\박경원\DESKTOP\YOOTMA~2\WIN32\DEBUG\YOOTMARBLEENGINE.ILK
C:\USERS\박경원\DESKTOP\YOOTMA~2\WIN32\DEBUG\YOOTMARBLEENGINE.PDB
C:\USERS\박경원\DESKTOP\YOOTMA~2\YOOTMARBLEENGINE\DEBUG\BOARD.OBJ
C:\USERS\박경원\DESKTOP\YOOTMA~2\YOOTMARBLEENGINE\DEBUG\BUILDINGSPACE.OBJ
C:\USERS\박경원\DESKTOP\YOOTMA~2\YOOTMARBLEENGINE\DEBUG\GAMEDISPLAY.OBJ
C:\USERS\박경원\DESKTOP\YOOTMA~2\YOOTMARBLEENGINE\DEBUG\HEALINGSPACE.OBJ
C:\USERS\박경원\DESKTOP\YOOTMA~2\YOOTMARBLEENGINE\DEBUG\MAIN.OBJ
C:\USERS\박경원\DESKTOP\YOOTMA~2\YOOTMARBLEENGINE\DEBUG\MOC_GAMEDISPLAY.OBJ
C:\USERS\박경원\DESKTOP\YOOTMA~2\YOOTMARBLEENGINE\DEBUG\MOC_USER.OBJ
C:\USERS\박경원\DESKTOP\YOOTMA~2\YOOTMARBLEENGINE\DEBUG\PIECE.OBJ
C:\USERS\박경원\DESKTOP\YOOTMA~2\YOOTMARBLEENGINE\DEBUG\QRC_YOOTMARBLEENGINE.OBJ
C:\USERS\박경원\DESKTOP\YOOTMA~2\YOOTMARBLEENGINE\DEBUG\USER.OBJ
C:\USERS\박경원\DESKTOP\YOOTMA~2\YOOTMARBLEENGINE\DEBUG\VC100.PDB
C:\USERS\박경원\DESKTOP\YOOTMA~2\YOOTMARBLEENGINE\DEBUG\YOOTMARBLEENGINE.EXE.INTERMEDIATE.MANIFEST
C:\USERS\박경원\DESKTOP\YOOTMA~2\YOOTMARBLEENGINE\DEBUG\YOOTMARBLEENGINE.OBJ
C:\USERS\박경원\DESKTOP\YOOTMA~2\YOOTMARBLEENGINE\GENERATEDFILES\DEBUG\MOC_GAMEDISPLAY.CPP
C:\USERS\박경원\DESKTOP\YOOTMA~2\YOOTMARBLEENGINE\GENERATEDFILES\DEBUG\MOC_USER.CPP
C:\USERS\박경원\DESKTOP\YOOTMA~2\YOOTMARBLEENGINE\GENERATEDFILES\QRC_YOOTMARBLEENGINE.CPP
C:\USERS\박경원\DESKTOP\YOOTMA~2\YOOTMARBLEENGINE\GENERATEDFILES\UI_YOOTMARBLEENGINE.H
C:\USERS\박경원\DESKTOP\YOOTMA~3\WIN32\DEBUG\YOOTMARBLEENGINE.EXE
C:\USERS\박경원\DESKTOP\YOOTMA~3\WIN32\DEBUG\YOOTMARBLEENGINE.ILK
C:\USERS\박경원\DESKTOP\YOOTMA~3\WIN32\DEBUG\YOOTMARBLEENGINE.PDB
C:\USERS\박경원\DESKTOP\YOOTMA~3\YOOTMARBLEENGINE\DEBUG\BOARD.OBJ
C:\USERS\박경원\DESKTOP\YOOTMA~3\YOOTMARBLEENGINE\DEBUG\BUILDINGSPACE.OBJ
C:\USERS\박경원\DESKTOP\YOOTMA~3\YOOTMARBLEENGINE\DEBUG\GAMEDISPLAY.OBJ
C:\USERS\박경원\DESKTOP\YOOTMA~3\YOOTMARBLEENGINE\DEBUG\HEALINGSPACE.OBJ
C:\USERS\박경원\DESKTOP\YOOTMA~3\YOOTMARBLEENGINE\DEBUG\MAIN.OBJ
C:\USERS\박경원\DESKTOP\YOOTMA~3\YOOTMARBLEENGINE\DEBUG\MOC_GAMEDISPLAY.OBJ
C:\USERS\박경원\DESKTOP\YOOTMA~3\YOOTMARBLEENGINE\DEBUG\MOC_USER.OBJ
C:\USERS\박경원\DESKTOP\YOOTMA~3\YOOTMARBLEENGINE\DEBUG\PIECE.OBJ
C:\USERS\박경원\DESKTOP\YOOTMA~3\YOOTMARBLEENGINE\DEBUG\QRC_YOOTMARBLEENGINE.OBJ
C:\USERS\박경원\DESKTOP\YOOTMA~3\YOOTMARBLEENGINE\DEBUG\USER.OBJ
C:\USERS\박경원\DESKTOP\YOOTMA~3\YOOTMARBLEENGINE\DEBUG\VC100.PDB
C:\USERS\박경원\DESKTOP\YOOTMA~3\YOOTMARBLEENGINE\DEBUG\YOOTMARBLEENGINE.EXE.INTERMEDIATE.MANIFEST
C:\USERS\박경원\DESKTOP\YOOTMA~3\YOOTMARBLEENGINE\DEBUG\YOOTMARBLEENGINE.OBJ
C:\USERS\박경원\DESKTOP\YOOTMA~3\YOOTMARBLEENGINE\GENERATEDFILES\DEBUG\MOC_GAMEDISPLAY.CPP
C:\USERS\박경원\DESKTOP\YOOTMA~3\YOOTMARBLEENGINE\GENERATEDFILES\DEBUG\MOC_USER.CPP
C:\USERS\박경원\DESKTOP\YOOTMA~3\YOOTMARBLEENGINE\GENERATEDFILES\QRC_YOOTMARBLEENGINE.CPP
C:\USERS\박경원\DESKTOP\YOOTMA~3\YOOTMARBLEENGINE\GENERATEDFILES\UI_YOOTMARBLEENGINE.H
C:\YOOTMA~3\WIN32\DEBUG\YOOTMARBLEENGINE.EXE
C:\YOOTMA~3\WIN32\DEBUG\YOOTMARBLEENGINE.ILK
C:\YOOTMA~3\WIN32\DEBUG\YOOTMARBLEENGINE.PDB
C:\YOOTMA~3\YOOTMARBLEENGINE\DEBUG\BOARD.OBJ
C:\YOOTMA~3\YOOTMARBLEENGINE\DEBUG\BUILDINGSPACE.OBJ
C:\YOOTMA~3\YOOTMARBLEENGINE\DEBUG\GAMEDISPLAY.OBJ
C:\YOOTMA~3\YOOTMARBLEENGINE\DEBUG\HEALINGSPACE.OBJ
C:\YOOTMA~3\YOOTMARBLEENGINE\DEBUG\MAIN.OBJ
C:\YOOTMA~3\YOOTMARBLEENGINE\DEBUG\MOC_GAMEDISPLAY.OBJ
C:\YOOTMA~3\YOOTMARBLEENGINE\DEBUG\MOC_STARTDISPLAY.OBJ
C:\YOOTMA~3\YOOTMARBLEENGINE\DEBUG\MOC_USER.OBJ
C:\YOOTMA~3\YOOTMARBLEENGINE\DEBUG\PIECE.OBJ
C:\YOOTMA~3\YOOTMARBLEENGINE\DEBUG\QRC_YOOTMARBLEENGINE.OBJ
C:\YOOTMA~3\YOOTMARBLEENGINE\DEBUG\STARTDISPLAY.OBJ
C:\YOOTMA~3\YOOTMARBLEENGINE\DEBUG\USER.OBJ
C:\YOOTMA~3\YOOTMARBLEENGINE\DEBUG\VC100.PDB
C:\YOOTMA~3\YOOTMARBLEENGINE\DEBUG\YOOTMARBLEENGINE.EXE.INTERMEDIATE.MANIFEST
C:\YOOTMA~3\YOOTMARBLEENGINE\DEBUG\YOOTMARBLEENGINE.OBJ
C:\YOOTMA~3\YOOTMARBLEENGINE\GENERATEDFILES\DEBUG\MOC_GAMEDISPLAY.CPP
C:\YOOTMA~3\YOOTMARBLEENGINE\GENERATEDFILES\DEBUG\MOC_STARTDISPLAY.CPP
C:\YOOTMA~3\YOOTMARBLEENGINE\GENERATEDFILES\DEBUG\MOC_USER.CPP
C:\YOOTMA~3\YOOTMARBLEENGINE\GENERATEDFILES\QRC_YOOTMARBLEENGINE.CPP
C:\YOOTMA~3\YOOTMARBLEENGINE\GENERATEDFILES\UI_YOOTMARBLEENGINE.H
